1999.11.30 17:58 B C:\WINDOWS\Desktop\master_ariston\wrap\it\cooking\img\agnello.gif --> www.nettuno.it /web/hosting3/margherita2000/wrap/it/cooking/img agnello.gif
1999.11.30 17:58 B C:\WINDOWS\Desktop\master_ariston\wrap\it\cooking\img\bacalhau.gif --> www.nettuno.it /web/hosting3/margherita2000/wrap/it/cooking/img bacalhau.gif
1999.11.30 17:58 B C:\WINDOWS\Desktop\master_ariston\wrap\it\cooking\img\baccala.gif --> www.nettuno.it /web/hosting3/margherita2000/wrap/it/cooking/img baccala.gif
1999.11.30 17:58 B C:\WINDOWS\Desktop\master_ariston\wrap\it\cooking\img\bg_cont.gif --> www.nettuno.it /web/hosting3/margherita2000/wrap/it/cooking/img bg_cont.gif
1999.11.30 17:58 B C:\WINDOWS\Desktop\master_ariston\wrap\it\cooking\img\caponata.gif --> www.nettuno.it /web/hosting3/margherita2000/wrap/it/cooking/img caponata.gif
1999.11.30 17:58 B C:\WINDOWS\Desktop\master_ariston\wrap\it\cooking\img\carbonade.gif --> www.nettuno.it /web/hosting3/margherita2000/wrap/it/cooking/img carbonade.gif
1999.11.30 17:58 B C:\WINDOWS\Desktop\master_ariston\wrap\it\cooking\img\cartina.gif --> www.nettuno.it /web/hosting3/margherita2000/wrap/it/cooking/img cartina.gif
1999.11.30 17:58 B C:\WINDOWS\Desktop\master_ariston\wrap\it\cooking\img\chiosm.gif --> www.nettuno.it /web/hosting3/margherita2000/wrap/it/cooking/img chiosm.gif
1999.11.30 17:59 B C:\WINDOWS\Desktop\master_ariston\wrap\it\cooking\img\cooka.jpg --> www.nettuno.it /web/hosting3/margherita2000/wrap/it/cooking/img cooka.jpg
1999.11.30 17:59 B C:\WINDOWS\Desktop\master_ariston\wrap\it\cooking\img\cooking.gif --> www.nettuno.it /web/hosting3/margherita2000/wrap/it/cooking/img cooking.gif
1999.11.30 17:59 B C:\WINDOWS\Desktop\master_ariston\wrap\it\cooking\img\cooking.jpg --> www.nettuno.it /web/hosting3/margherita2000/wrap/it/cooking/img cooking.jpg
1999.11.30 17:59 B C:\WINDOWS\Desktop\master_ariston\wrap\it\cooking\img\cooks.jpg --> www.nettuno.it /web/hosting3/margherita2000/wrap/it/cooking/img cooks.jpg
1999.11.30 17:59 B C:\WINDOWS\Desktop\master_ariston\wrap\it\cooking\img\cooktit.jpg --> www.nettuno.it /web/hosting3/margherita2000/wrap/it/cooking/img cooktit.jpg
1999.11.30 17:59 B C:\WINDOWS\Desktop\master_ariston\wrap\it\cooking\img\FINDER.DAT --> www.nettuno.it /web/hosting3/margherita2000/wrap/it/cooking/img FINDER.DAT
1999.11.30 17:59 B C:\WINDOWS\Desktop\master_ariston\wrap\it\cooking\img\fonduta.gif --> www.nettuno.it /web/hosting3/margherita2000/wrap/it/cooking/img fonduta.gif
1999.11.30 17:59 B C:\WINDOWS\Desktop\master_ariston\wrap\it\cooking\img\forchetta.gif --> www.nettuno.it /web/hosting3/margherita2000/wrap/it/cooking/img forchetta.gif
1999.11.30 17:59 B C:\WINDOWS\Desktop\master_ariston\wrap\it\cooking\img\fritcipol.gif --> www.nettuno.it /web/hosting3/margherita2000/wrap/it/cooking/img fritcipol.gif
1999.11.30 17:59 B C:\WINDOWS\Desktop\master_ariston\wrap\it\cooking\img\gnocchi.gif --> www.nettuno.it /web/hosting3/margherita2000/wrap/it/cooking/img gnocchi.gif
1999.11.30 17:59 B C:\WINDOWS\Desktop\master_ariston\wrap\it\cooking\img\gratasp.gif --> www.nettuno.it /web/hosting3/margherita2000/wrap/it/cooking/img gratasp.gif
1999.11.30 17:59 B C:\WINDOWS\Desktop\master_ariston\wrap\it\cooking\img\gratin.gif --> www.nettuno.it /web/hosting3/margherita2000/wrap/it/cooking/img gratin.gif
1999.11.30 17:59 B C:\WINDOWS\Desktop\master_ariston\wrap\it\cooking\img\gravlax.gif --> www.nettuno.it /web/hosting3/margherita2000/wrap/it/cooking/img gravlax.gif
1999.11.30 18:00 B C:\WINDOWS\Desktop\master_ariston\wrap\it\cooking\img\grpane.gif --> www.nettuno.it /web/hosting3/margherita2000/wrap/it/cooking/img grpane.gif
1999.11.30 18:00 B C:\WINDOWS\Desktop\master_ariston\wrap\it\cooking\img\gulasch.gif --> www.nettuno.it /web/hosting3/margherita2000/wrap/it/cooking/img gulasch.gif
1999.11.30 18:00 B C:\WINDOWS\Desktop\master_ariston\wrap\it\cooking\img\insert.gif --> www.nettuno.it /web/hosting3/margherita2000/wrap/it/cooking/img insert.gif
1999.11.30 18:00 B C:\WINDOWS\Desktop\master_ariston\wrap\it\cooking\img\involtini.gif --> www.nettuno.it /web/hosting3/margherita2000/wrap/it/cooking/img involtini.gif
1999.11.30 18:00 B C:\WINDOWS\Desktop\master_ariston\wrap\it\cooking\img\logodigit.gif --> www.nettuno.it /web/hosting3/margherita2000/wrap/it/cooking/img logodigit.gif
1999.11.30 18:00 B C:\WINDOWS\Desktop\master_ariston\wrap\it\cooking\img\logodigital.gif --> www.nettuno.it /web/hosting3/margherita2000/wrap/it/cooking/img logodigital.gif
1999.11.30 18:00 B C:\WINDOWS\Desktop\master_ariston\wrap\it\cooking\img\mestoli.gif --> www.nettuno.it /web/hosting3/margherita2000/wrap/it/cooking/img mestoli.gif
1999.11.30 18:00 B C:\WINDOWS\Desktop\master_ariston\wrap\it\cooking\img\mestoli3.gif --> www.nettuno.it /web/hosting3/margherita2000/wrap/it/cooking/img mestoli3.gif
1999.11.30 18:00 B C:\WINDOWS\Desktop\master_ariston\wrap\it\cooking\img\mestoli5.gif --> www.nettuno.it /web/hosting3/margherita2000/wrap/it/cooking/img mestoli5.gif
1999.11.30 18:00 B C:\WINDOWS\Desktop\master_ariston\wrap\it\cooking\img\pallino.gif --> www.nettuno.it /web/hosting3/margherita2000/wrap/it/cooking/img pallino.gif
1999.11.30 18:00 B C:\WINDOWS\Desktop\master_ariston\wrap\it\cooking\img\panezaf.gif --> www.nettuno.it /web/hosting3/margherita2000/wrap/it/cooking/img panezaf.gif
1999.11.30 18:00 B C:\WINDOWS\Desktop\master_ariston\wrap\it\cooking\img\patch.gif --> www.nettuno.it /web/hosting3/margherita2000/wrap/it/cooking/img patch.gif
1999.11.30 18:00 B C:\WINDOWS\Desktop\master_ariston\wrap\it\cooking\img\patechoux.gif --> www.nettuno.it /web/hosting3/margherita2000/wrap/it/cooking/img patechoux.gif
1999.11.30 18:00 B C:\WINDOWS\Desktop\master_ariston\wrap\it\cooking\img\ric_b.gif --> www.nettuno.it /web/hosting3/margherita2000/wrap/it/cooking/img ric_b.gif
1999.11.30 18:00 B C:\WINDOWS\Desktop\master_ariston\wrap\it\cooking\img\ric_cierniki.gif --> www.nettuno.it /web/hosting3/margherita2000/wrap/it/cooking/img ric_cierniki.gif
1999.11.30 18:00 B C:\WINDOWS\Desktop\master_ariston\wrap\it\cooking\img\ric_cima.gif --> www.nettuno.it /web/hosting3/margherita2000/wrap/it/cooking/img ric_cima.gif
1999.11.30 18:00 B C:\WINDOWS\Desktop\master_ariston\wrap\it\cooking\img\ric_conprug.gif --> www.nettuno.it /web/hosting3/margherita2000/wrap/it/cooking/img ric_conprug.gif
1999.11.30 18:00 B C:\WINDOWS\Desktop\master_ariston\wrap\it\cooking\img\ric_coq.gif --> www.nettuno.it /web/hosting3/margherita2000/wrap/it/cooking/img ric_coq.gif
1999.11.30 18:00 B C:\WINDOWS\Desktop\master_ariston\wrap\it\cooking\img\ric_crepes.gif --> www.nettuno.it /web/hosting3/margherita2000/wrap/it/cooking/img ric_crepes.gif
1999.11.30 18:00 B C:\WINDOWS\Desktop\master_ariston\wrap\it\cooking\img\ric_crescia.gif --> www.nettuno.it /web/hosting3/margherita2000/wrap/it/cooking/img ric_crescia.gif
1999.11.30 18:00 B C:\WINDOWS\Desktop\master_ariston\wrap\it\cooking\img\ric_dani.gif --> www.nettuno.it /web/hosting3/margherita2000/wrap/it/cooking/img ric_dani.gif
1999.11.30 18:00 B C:\WINDOWS\Desktop\master_ariston\wrap\it\cooking\img\ric_editor.gif --> www.nettuno.it /web/hosting3/margherita2000/wrap/it/cooking/img ric_editor.gif
1999.11.30 18:00 B C:\WINDOWS\Desktop\master_ariston\wrap\it\cooking\img\ric_f.gif --> www.nettuno.it /web/hosting3/margherita2000/wrap/it/cooking/img ric_f.gif
1999.11.30 18:00 B C:\WINDOWS\Desktop\master_ariston\wrap\it\cooking\img\ric_foto.gif --> www.nettuno.it /web/hosting3/margherita2000/wrap/it/cooking/img ric_foto.gif
1999.11.30 18:00 B C:\WINDOWS\Desktop\master_ariston\wrap\it\cooking\img\ric_francia.gif --> www.nettuno.it /web/hosting3/margherita2000/wrap/it/cooking/img ric_francia.gif
1999.11.30 18:00 B C:\WINDOWS\Desktop\master_ariston\wrap\it\cooking\img\ric_gb.gif --> www.nettuno.it /web/hosting3/margherita2000/wrap/it/cooking/img ric_gb.gif
1999.11.30 18:00 B C:\WINDOWS\Desktop\master_ariston\wrap\it\cooking\img\ric_ger.gif --> www.nettuno.it /web/hosting3/margherita2000/wrap/it/cooking/img ric_ger.gif
1999.11.30 18:00 B C:\WINDOWS\Desktop\master_ariston\wrap\it\cooking\img\ric_gr.gif --> www.nettuno.it /web/hosting3/margherita2000/wrap/it/cooking/img ric_gr.gif
1999.11.30 18:00 B C:\WINDOWS\Desktop\master_ariston\wrap\it\cooking\img\ric_grafico.gif --> www.nettuno.it /web/hosting3/margherita2000/wrap/it/cooking/img ric_grafico.gif
1999.11.30 18:00 B C:\WINDOWS\Desktop\master_ariston\wrap\it\cooking\img\ric_i.gif --> www.nettuno.it /web/hosting3/margherita2000/wrap/it/cooking/img ric_i.gif
1999.11.30 18:00 B C:\WINDOWS\Desktop\master_ariston\wrap\it\cooking\img\ric_pol.gif --> www.nettuno.it /web/hosting3/margherita2000/wrap/it/cooking/img ric_pol.gif
1999.11.30 18:00 B C:\WINDOWS\Desktop\master_ariston\wrap\it\cooking\img\ric_roast.gif --> www.nettuno.it /web/hosting3/margherita2000/wrap/it/cooking/img ric_roast.gif
1999.11.30 18:00 B C:\WINDOWS\Desktop\master_ariston\wrap\it\cooking\img\ric_spa.gif --> www.nettuno.it /web/hosting3/margherita2000/wrap/it/cooking/img ric_spa.gif
1999.11.30 18:00 B C:\WINDOWS\Desktop\master_ariston\wrap\it\cooking\img\ric_titolo.gif --> www.nettuno.it /web/hosting3/margherita2000/wrap/it/cooking/img ric_titolo.gif
1999.11.30 18:00 B C:\WINDOWS\Desktop\master_ariston\wrap\it\cooking\img\ric_uk.gif --> www.nettuno.it /web/hosting3/margherita2000/wrap/it/cooking/img ric_uk.gif
1999.11.30 18:00 B C:\WINDOWS\Desktop\master_ariston\wrap\it\cooking\img\ric_un.gif --> www.nettuno.it /web/hosting3/margherita2000/wrap/it/cooking/img ric_un.gif
1999.11.30 18:00 B C:\WINDOWS\Desktop\master_ariston\wrap\it\cooking\img\roast.gif --> www.nettuno.it /web/hosting3/margherita2000/wrap/it/cooking/img roast.gif
1999.11.30 18:00 B C:\WINDOWS\Desktop\master_ariston\wrap\it\cooking\img\rotella.gif --> www.nettuno.it /web/hosting3/margherita2000/wrap/it/cooking/img rotella.gif
1999.11.30 18:00 B C:\WINDOWS\Desktop\master_ariston\wrap\it\cooking\img\soufflefo.gif --> www.nettuno.it /web/hosting3/margherita2000/wrap/it/cooking/img soufflefo.gif
1999.11.30 18:00 B C:\WINDOWS\Desktop\master_ariston\wrap\it\cooking\img\spacer.gif --> www.nettuno.it /web/hosting3/margherita2000/wrap/it/cooking/img spacer.gif
