1999.11.30 12:34 B C:\WINDOWS\Desktop\master_ariston\sito\prova\menu_it\con_sx.htm --> www.nettuno.it /web/hosting3/margherita2000/sito/prova/menu_it con_sx.htm
1999.11.30 12:34 B C:\WINDOWS\Desktop\master_ariston\sito\prova\menu_it\digit_sx.htm --> www.nettuno.it /web/hosting3/margherita2000/sito/prova/menu_it digit_sx.htm
1999.11.30 12:34 B C:\WINDOWS\Desktop\master_ariston\sito\prova\menu_it\ecco_sx.htm --> www.nettuno.it /web/hosting3/margherita2000/sito/prova/menu_it ecco_sx.htm
1999.11.30 12:34 B C:\WINDOWS\Desktop\master_ariston\sito\prova\menu_it\forsx.htm --> www.nettuno.it /web/hosting3/margherita2000/sito/prova/menu_it forsx.htm
1999.11.30 12:34 B C:\WINDOWS\Desktop\master_ariston\sito\prova\menu_it\press_sx.htm --> www.nettuno.it /web/hosting3/margherita2000/sito/prova/menu_it press_sx.htm
1999.11.30 12:34 B C:\WINDOWS\Desktop\master_ariston\sito\prova\menu_it\prod_sx.htm --> www.nettuno.it /web/hosting3/margherita2000/sito/prova/menu_it prod_sx.htm
1999.11.30 12:35 B C:\WINDOWS\Desktop\master_ariston\sito\prova\menu_it\sim_sx.htm --> www.nettuno.it /web/hosting3/margherita2000/sito/prova/menu_it sim_sx.htm
1999.11.30 12:41 B C:\WINDOWS\Desktop\master_ariston\sito\prova\menu_it\digit_sx.htm --> www.nettuno.it /web/hosting3/margherita2000/sito/prova/menu_it digit_sx.htm
1999.11.30 12:58 B C:\WINDOWS\Desktop\master_ariston\sito\prova\menu_it\con_sx.htm --> www.nettuno.it /web/hosting3/margherita2000/sito/prova/menu_it con_sx.htm
1999.11.30 13:02 B C:\WINDOWS\Desktop\master_ariston\sito\prova\menu_it\con_sx.htm --> www.nettuno.it /web/hosting3/margherita2000/sito/prova/menu_it con_sx.htm
1999.11.30 13:10 B C:\WINDOWS\Desktop\master_ariston\sito\prova\menu_it\menu.htm --> www.nettuno.it /web/hosting3/margherita2000/sito/prova/menu_it menu.htm
1999.11.30 19:10 B C:\WINDOWS\Desktop\master_ariston\sito\prova\menu_it\sim_sx.htm --> www.nettuno.it /web/hosting3/margherita2000/sito/prova/menu_it sim_sx.htm
1999.11.30 19:10 B C:\WINDOWS\Desktop\master_ariston\sito\prova\menu_it\ecco_sx.htm --> www.nettuno.it /web/hosting3/margherita2000/sito/prova/menu_it ecco_sx.htm
1999.11.30 19:13 B C:\WINDOWS\Desktop\master_ariston\sito\prova\menu_it\digit_sx.htm --> www.nettuno.it /web/hosting3/margherita2000/sito/prova/menu_it digit_sx.htm
1999.11.30 21:33 B C:\WINDOWS\Desktop\master_ariston\sito\prova\menu_it\con_sx.htm --> www.nettuno.it /web/hosting3/margherita2000/sito/prova/menu_it con_sx.htm
1999.11.30 21:33 B C:\WINDOWS\Desktop\master_ariston\sito\prova\menu_it\digit_sx.htm --> www.nettuno.it /web/hosting3/margherita2000/sito/prova/menu_it digit_sx.htm
1999.11.30 21:33 B C:\WINDOWS\Desktop\master_ariston\sito\prova\menu_it\ecco_sx.htm --> www.nettuno.it /web/hosting3/margherita2000/sito/prova/menu_it ecco_sx.htm
1999.11.30 21:33 B C:\WINDOWS\Desktop\master_ariston\sito\prova\menu_it\forsx.htm --> www.nettuno.it /web/hosting3/margherita2000/sito/prova/menu_it forsx.htm
1999.11.30 21:33 B C:\WINDOWS\Desktop\master_ariston\sito\prova\menu_it\menu.htm --> www.nettuno.it /web/hosting3/margherita2000/sito/prova/menu_it menu.htm
1999.11.30 21:33 B C:\WINDOWS\Desktop\master_ariston\sito\prova\menu_it\sim_sx.htm --> www.nettuno.it /web/hosting3/margherita2000/sito/prova/menu_it sim_sx.htm
1999.11.30 21:55 B C:\WINDOWS\Desktop\master_ariston\sito\prova\menu_it\ecco_sx.htm --> www.nettuno.it /web/hosting3/margherita2000/sito/prova/menu_it ecco_sx.htm
1999.12.01 10:05 B C:\WINDOWS\Desktop\master_ariston\sito\prova\menu_it\ecco_sx.htm --> www.nettuno.it /web/hosting3/margherita2000/sito/prova/menu_it ecco_sx.htm
1999.12.01 10:08 B C:\WINDOWS\Desktop\master_ariston\sito\prova\menu_it\menu.htm --> www.nettuno.it /web/hosting3/margherita2000/sito/prova/menu_it menu.htm
1999.12.01 10:15 B C:\WINDOWS\Desktop\master_ariston\sito\prova\menu_it\ecco_sx.htm --> www.nettuno.it /web/hosting3/margherita2000/sito/prova/menu_it ecco_sx.htm
1999.12.01 10:19 B C:\WINDOWS\Desktop\master_ariston\sito\prova\menu_it\forsx.htm --> www.nettuno.it /web/hosting3/margherita2000/sito/prova/menu_it forsx.htm
1999.12.01 11:55 B C:\WINDOWS\Desktop\master_ariston\sito\prova\menu_it\forsx.htm --> www.nettuno.it /web/hosting3/margherita2000/sito/prova/menu_it forsx.htm
