1999.11.30 12:05 B C:\WINDOWS\Desktop\master_ariston\sito\prova\img\abko.gif --> www.nettuno.it /web/hosting3/margherita2000/sito/prova/img abko.gif
1999.11.30 12:05 B C:\WINDOWS\Desktop\master_ariston\sito\prova\img\abok.gif --> www.nettuno.it /web/hosting3/margherita2000/sito/prova/img abok.gif
1999.11.30 12:05 B C:\WINDOWS\Desktop\master_ariston\sito\prova\img\backko.jpg --> www.nettuno.it /web/hosting3/margherita2000/sito/prova/img backko.jpg
1999.11.30 12:05 B C:\WINDOWS\Desktop\master_ariston\sito\prova\img\backok.jpg --> www.nettuno.it /web/hosting3/margherita2000/sito/prova/img backok.jpg
1999.11.30 12:05 B C:\WINDOWS\Desktop\master_ariston\sito\prova\img\basead.gif --> www.nettuno.it /web/hosting3/margherita2000/sito/prova/img basead.gif
1999.11.30 12:05 B C:\WINDOWS\Desktop\master_ariston\sito\prova\img\bg.gif --> www.nettuno.it /web/hosting3/margherita2000/sito/prova/img bg.gif
1999.11.30 12:05 B C:\WINDOWS\Desktop\master_ariston\sito\prova\img\bg.jpg --> www.nettuno.it /web/hosting3/margherita2000/sito/prova/img bg.jpg
1999.11.30 12:06 B C:\WINDOWS\Desktop\master_ariston\sito\prova\img\contko.gif --> www.nettuno.it /web/hosting3/margherita2000/sito/prova/img contko.gif
1999.11.30 12:06 B C:\WINDOWS\Desktop\master_ariston\sito\prova\img\contok.gif --> www.nettuno.it /web/hosting3/margherita2000/sito/prova/img contok.gif
1999.11.30 12:06 B C:\WINDOWS\Desktop\master_ariston\sito\prova\img\digko.gif --> www.nettuno.it /web/hosting3/margherita2000/sito/prova/img digko.gif
1999.11.30 12:06 B C:\WINDOWS\Desktop\master_ariston\sito\prova\img\digok.gif --> www.nettuno.it /web/hosting3/margherita2000/sito/prova/img digok.gif
1999.11.30 12:06 B C:\WINDOWS\Desktop\master_ariston\sito\prova\img\FINDER.DAT --> www.nettuno.it /web/hosting3/margherita2000/sito/prova/img FINDER.DAT
1999.11.30 12:06 B C:\WINDOWS\Desktop\master_ariston\sito\prova\img\forko.gif --> www.nettuno.it /web/hosting3/margherita2000/sito/prova/img forko.gif
1999.11.30 12:06 B C:\WINDOWS\Desktop\master_ariston\sito\prova\img\forok.gif --> www.nettuno.it /web/hosting3/margherita2000/sito/prova/img forok.gif
1999.11.30 12:06 B C:\WINDOWS\Desktop\master_ariston\sito\prova\img\goko.jpg --> www.nettuno.it /web/hosting3/margherita2000/sito/prova/img goko.jpg
1999.11.30 12:06 B C:\WINDOWS\Desktop\master_ariston\sito\prova\img\gook.jpg --> www.nettuno.it /web/hosting3/margherita2000/sito/prova/img gook.jpg
1999.11.30 12:06 B C:\WINDOWS\Desktop\master_ariston\sito\prova\img\gsmko.gif --> www.nettuno.it /web/hosting3/margherita2000/sito/prova/img gsmko.gif
1999.11.30 12:06 B C:\WINDOWS\Desktop\master_ariston\sito\prova\img\gsmok.gif --> www.nettuno.it /web/hosting3/margherita2000/sito/prova/img gsmok.gif
1999.11.30 12:06 B C:\WINDOWS\Desktop\master_ariston\sito\prova\img\intko.gif --> www.nettuno.it /web/hosting3/margherita2000/sito/prova/img intko.gif
1999.11.30 12:06 B C:\WINDOWS\Desktop\master_ariston\sito\prova\img\intok.gif --> www.nettuno.it /web/hosting3/margherita2000/sito/prova/img intok.gif
1999.11.30 12:14 B C:\WINDOWS\Desktop\master_ariston\sito\prova\img\latodx.jpg --> www.nettuno.it /web/hosting3/margherita2000/sito/prova/img latodx.jpg
1999.11.30 12:14 B C:\WINDOWS\Desktop\master_ariston\sito\prova\img\latosx.jpg --> www.nettuno.it /web/hosting3/margherita2000/sito/prova/img latosx.jpg
1999.11.30 12:14 B C:\WINDOWS\Desktop\master_ariston\sito\prova\img\leiko.gif --> www.nettuno.it /web/hosting3/margherita2000/sito/prova/img leiko.gif
1999.11.30 12:14 B C:\WINDOWS\Desktop\master_ariston\sito\prova\img\leiok.gif --> www.nettuno.it /web/hosting3/margherita2000/sito/prova/img leiok.gif
1999.11.30 12:14 B C:\WINDOWS\Desktop\master_ariston\sito\prova\img\logko.gif --> www.nettuno.it /web/hosting3/margherita2000/sito/prova/img logko.gif
1999.11.30 12:14 B C:\WINDOWS\Desktop\master_ariston\sito\prova\img\logoad.gif --> www.nettuno.it /web/hosting3/margherita2000/sito/prova/img logoad.gif
1999.11.30 12:14 B C:\WINDOWS\Desktop\master_ariston\sito\prova\img\logok.gif --> www.nettuno.it /web/hosting3/margherita2000/sito/prova/img logok.gif
1999.11.30 12:14 B C:\WINDOWS\Desktop\master_ariston\sito\prova\img\m2000.gif --> www.nettuno.it /web/hosting3/margherita2000/sito/prova/img m2000.gif
1999.11.30 12:14 B C:\WINDOWS\Desktop\master_ariston\sito\prova\img\m2000.jpg --> www.nettuno.it /web/hosting3/margherita2000/sito/prova/img m2000.jpg
1999.11.30 12:14 B C:\WINDOWS\Desktop\master_ariston\sito\prova\img\m2000dx.gif --> www.nettuno.it /web/hosting3/margherita2000/sito/prova/img m2000dx.gif
1999.11.30 12:14 B C:\WINDOWS\Desktop\master_ariston\sito\prova\img\plugko.gif --> www.nettuno.it /web/hosting3/margherita2000/sito/prova/img plugko.gif
1999.11.30 12:14 B C:\WINDOWS\Desktop\master_ariston\sito\prova\img\plugko.jpg --> www.nettuno.it /web/hosting3/margherita2000/sito/prova/img plugko.jpg
1999.11.30 12:14 B C:\WINDOWS\Desktop\master_ariston\sito\prova\img\plugok.gif --> www.nettuno.it /web/hosting3/margherita2000/sito/prova/img plugok.gif
1999.11.30 12:14 B C:\WINDOWS\Desktop\master_ariston\sito\prova\img\plusko.gif --> www.nettuno.it /web/hosting3/margherita2000/sito/prova/img plusko.gif
1999.11.30 12:15 B C:\WINDOWS\Desktop\master_ariston\sito\prova\img\plusok.gif --> www.nettuno.it /web/hosting3/margherita2000/sito/prova/img plusok.gif
1999.11.30 12:15 B C:\WINDOWS\Desktop\master_ariston\sito\prova\img\pressko.gif --> www.nettuno.it /web/hosting3/margherita2000/sito/prova/img pressko.gif
1999.11.30 12:15 B C:\WINDOWS\Desktop\master_ariston\sito\prova\img\pressok.gif --> www.nettuno.it /web/hosting3/margherita2000/sito/prova/img pressok.gif
1999.11.30 12:15 B C:\WINDOWS\Desktop\master_ariston\sito\prova\img\prodko.gif --> www.nettuno.it /web/hosting3/margherita2000/sito/prova/img prodko.gif
1999.11.30 12:15 B C:\WINDOWS\Desktop\master_ariston\sito\prova\img\prodok.gif --> www.nettuno.it /web/hosting3/margherita2000/sito/prova/img prodok.gif
1999.11.30 12:15 B C:\WINDOWS\Desktop\master_ariston\sito\prova\img\puzko.gif --> www.nettuno.it /web/hosting3/margherita2000/sito/prova/img puzko.gif
1999.11.30 12:15 B C:\WINDOWS\Desktop\master_ariston\sito\prova\img\puzok.gif --> www.nettuno.it /web/hosting3/margherita2000/sito/prova/img puzok.gif
1999.11.30 12:15 B C:\WINDOWS\Desktop\master_ariston\sito\prova\img\remko.gif --> www.nettuno.it /web/hosting3/margherita2000/sito/prova/img remko.gif
1999.11.30 12:15 B C:\WINDOWS\Desktop\master_ariston\sito\prova\img\remok.gif --> www.nettuno.it /web/hosting3/margherita2000/sito/prova/img remok.gif
1999.11.30 12:15 B C:\WINDOWS\Desktop\master_ariston\sito\prova\img\simko.gif --> www.nettuno.it /web/hosting3/margherita2000/sito/prova/img simko.gif
1999.11.30 12:15 B C:\WINDOWS\Desktop\master_ariston\sito\prova\img\simok.gif --> www.nettuno.it /web/hosting3/margherita2000/sito/prova/img simok.gif
1999.12.01 11:32 B C:\WINDOWS\Desktop\master_ariston\sito\prova\img\remok.gif --> www.nettuno.it /web/hosting3/margherita2000/sito/prova/img remok.gif
1999.12.01 11:32 B C:\WINDOWS\Desktop\master_ariston\sito\prova\img\remko.gif --> www.nettuno.it /web/hosting3/margherita2000/sito/prova/img remko.gif
1999.12.01 11:34 B C:\WINDOWS\Desktop\master_ariston\sito\prova\img\remko.gif --> www.nettuno.it /web/hosting3/margherita2000/sito/prova/img remko.gif
1999.12.01 11:34 B C:\WINDOWS\Desktop\master_ariston\sito\prova\img\remok.gif --> www.nettuno.it /web/hosting3/margherita2000/sito/prova/img remok.gif
1999.12.02 11:23 B D:\master_ariston\sito\prova\img\latodx.jpg --> www.nettuno.it /web/hosting3/margherita2000/sito/prova/img latodx.jpg
