1999.11.30 18:40 B C:\WINDOWS\Desktop\master_ariston\sito\it\simula\plug\cas6.jpg --> www.nettuno.it /web/hosting3/margherita2000/sito/it/simula/plug cas6.jpg
1999.11.30 18:40 B C:\WINDOWS\Desktop\master_ariston\sito\it\simula\plug\cas5.jpg --> www.nettuno.it /web/hosting3/margherita2000/sito/it/simula/plug cas5.jpg
1999.11.30 18:40 B C:\WINDOWS\Desktop\master_ariston\sito\it\simula\plug\cas4.jpg --> www.nettuno.it /web/hosting3/margherita2000/sito/it/simula/plug cas4.jpg
1999.11.30 18:41 B C:\WINDOWS\Desktop\master_ariston\sito\it\simula\plug\cas3.jpg --> www.nettuno.it /web/hosting3/margherita2000/sito/it/simula/plug cas3.jpg
1999.11.30 18:41 B C:\WINDOWS\Desktop\master_ariston\sito\it\simula\plug\cas1-2a.jpg --> www.nettuno.it /web/hosting3/margherita2000/sito/it/simula/plug cas1-2a.jpg
1999.11.30 18:41 B C:\WINDOWS\Desktop\master_ariston\sito\it\simula\plug\cas1-2b.jpg --> www.nettuno.it /web/hosting3/margherita2000/sito/it/simula/plug cas1-2b.jpg
1999.11.30 18:41 B C:\WINDOWS\Desktop\master_ariston\sito\it\simula\plug\cas7.jpg --> www.nettuno.it /web/hosting3/margherita2000/sito/it/simula/plug cas7.jpg
1999.11.30 18:41 B C:\WINDOWS\Desktop\master_ariston\sito\it\simula\plug\cas8.jpg --> www.nettuno.it /web/hosting3/margherita2000/sito/it/simula/plug cas8.jpg
1999.11.30 18:41 B C:\WINDOWS\Desktop\master_ariston\sito\it\simula\plug\fr2.gif --> www.nettuno.it /web/hosting3/margherita2000/sito/it/simula/plug fr2.gif
1999.11.30 18:41 B C:\WINDOWS\Desktop\master_ariston\sito\it\simula\plug\fr1.gif --> www.nettuno.it /web/hosting3/margherita2000/sito/it/simula/plug fr1.gif
1999.11.30 18:41 B C:\WINDOWS\Desktop\master_ariston\sito\it\simula\plug\sion.jpg --> www.nettuno.it /web/hosting3/margherita2000/sito/it/simula/plug sion.jpg
1999.11.30 18:41 B C:\WINDOWS\Desktop\master_ariston\sito\it\simula\plug\sioff.jpg --> www.nettuno.it /web/hosting3/margherita2000/sito/it/simula/plug sioff.jpg
1999.11.30 18:42 B C:\WINDOWS\Desktop\master_ariston\sito\it\simula\plug\yesoff.jpg --> www.nettuno.it /web/hosting3/margherita2000/sito/it/simula/plug yesoff.jpg
1999.11.30 18:42 B C:\WINDOWS\Desktop\master_ariston\sito\it\simula\plug\yeson.jpg --> www.nettuno.it /web/hosting3/margherita2000/sito/it/simula/plug yeson.jpg
1999.11.30 18:42 B C:\WINDOWS\Desktop\master_ariston\sito\it\simula\plug\noon.jpg --> www.nettuno.it /web/hosting3/margherita2000/sito/it/simula/plug noon.jpg
1999.11.30 18:42 B C:\WINDOWS\Desktop\master_ariston\sito\it\simula\plug\nooff.jpg --> www.nettuno.it /web/hosting3/margherita2000/sito/it/simula/plug nooff.jpg
1999.11.30 18:42 B C:\WINDOWS\Desktop\master_ariston\sito\it\simula\plug\cas9.jpg --> www.nettuno.it /web/hosting3/margherita2000/sito/it/simula/plug cas9.jpg
1999.11.30 18:42 B C:\WINDOWS\Desktop\master_ariston\sito\it\simula\plug\nverde.gif --> www.nettuno.it /web/hosting3/margherita2000/sito/it/simula/plug nverde.gif
1999.11.30 18:42 B C:\WINDOWS\Desktop\master_ariston\sito\it\simula\plug\online.gif --> www.nettuno.it /web/hosting3/margherita2000/sito/it/simula/plug online.gif
1999.11.30 18:42 B C:\WINDOWS\Desktop\master_ariston\sito\it\simula\plug\codice.gif --> www.nettuno.it /web/hosting3/margherita2000/sito/it/simula/plug codice.gif
1999.11.30 18:42 B C:\WINDOWS\Desktop\master_ariston\sito\it\simula\plug\lavatric.jpg --> www.nettuno.it /web/hosting3/margherita2000/sito/it/simula/plug lavatric.jpg
1999.11.30 18:42 B C:\WINDOWS\Desktop\master_ariston\sito\it\simula\plug\plugtit.gif --> www.nettuno.it /web/hosting3/margherita2000/sito/it/simula/plug plugtit.gif
