1999.11.30 11:42 B C:\WINDOWS\Desktop\master_ariston\sito\it\simula\mymargh.htm --> www.nettuno.it /web/hosting3/margherita2000/sito/it/simula mymargh.htm
1999.11.30 11:42 B C:\WINDOWS\Desktop\master_ariston\sito\it\simula\simula.htm --> www.nettuno.it /web/hosting3/margherita2000/sito/it/simula simula.htm
1999.11.30 18:35 B C:\WINDOWS\Desktop\master_ariston\sito\it\simula\plug.htm --> www.nettuno.it /web/hosting3/margherita2000/sito/it/simula plug.htm
1999.11.30 18:35 B C:\WINDOWS\Desktop\master_ariston\sito\it\simula\plug2.htm --> www.nettuno.it /web/hosting3/margherita2000/sito/it/simula plug2.htm
1999.11.30 18:35 B C:\WINDOWS\Desktop\master_ariston\sito\it\simula\plug3.htm --> www.nettuno.it /web/hosting3/margherita2000/sito/it/simula plug3.htm
1999.11.30 18:35 B C:\WINDOWS\Desktop\master_ariston\sito\it\simula\plug4.htm --> www.nettuno.it /web/hosting3/margherita2000/sito/it/simula plug4.htm
1999.11.30 18:35 B C:\WINDOWS\Desktop\master_ariston\sito\it\simula\plug5.htm --> www.nettuno.it /web/hosting3/margherita2000/sito/it/simula plug5.htm
1999.11.30 18:35 B C:\WINDOWS\Desktop\master_ariston\sito\it\simula\plug6.htm --> www.nettuno.it /web/hosting3/margherita2000/sito/it/simula plug6.htm
1999.11.30 18:35 B C:\WINDOWS\Desktop\master_ariston\sito\it\simula\plug7.htm --> www.nettuno.it /web/hosting3/margherita2000/sito/it/simula plug7.htm
1999.11.30 18:35 B C:\WINDOWS\Desktop\master_ariston\sito\it\simula\plug8.htm --> www.nettuno.it /web/hosting3/margherita2000/sito/it/simula plug8.htm
1999.11.30 18:35 B C:\WINDOWS\Desktop\master_ariston\sito\it\simula\codice.htm --> www.nettuno.it /web/hosting3/margherita2000/sito/it/simula codice.htm
1999.11.30 18:35 B C:\WINDOWS\Desktop\master_ariston\sito\it\simula\plug9.htm --> www.nettuno.it /web/hosting3/margherita2000/sito/it/simula plug9.htm
1999.11.30 18:35 B C:\WINDOWS\Desktop\master_ariston\sito\it\simula\plugsi.htm --> www.nettuno.it /web/hosting3/margherita2000/sito/it/simula plugsi.htm
1999.11.30 18:35 B C:\WINDOWS\Desktop\master_ariston\sito\it\simula\plug10.htm --> www.nettuno.it /web/hosting3/margherita2000/sito/it/simula plug10.htm
1999.11.30 18:35 B C:\WINDOWS\Desktop\master_ariston\sito\it\simula\int.htm --> www.nettuno.it /web/hosting3/margherita2000/sito/it/simula int.htm
1999.11.30 18:35 B C:\WINDOWS\Desktop\master_ariston\sito\it\simula\int2.htm --> www.nettuno.it /web/hosting3/margherita2000/sito/it/simula int2.htm
1999.11.30 18:35 B C:\WINDOWS\Desktop\master_ariston\sito\it\simula\int3.htm --> www.nettuno.it /web/hosting3/margherita2000/sito/it/simula int3.htm
1999.11.30 18:35 B C:\WINDOWS\Desktop\master_ariston\sito\it\simula\int4.htm --> www.nettuno.it /web/hosting3/margherita2000/sito/it/simula int4.htm
1999.11.30 18:35 B C:\WINDOWS\Desktop\master_ariston\sito\it\simula\int5.htm --> www.nettuno.it /web/hosting3/margherita2000/sito/it/simula int5.htm
1999.11.30 18:35 B C:\WINDOWS\Desktop\master_ariston\sito\it\simula\int6.htm --> www.nettuno.it /web/hosting3/margherita2000/sito/it/simula int6.htm
1999.11.30 18:35 B C:\WINDOWS\Desktop\master_ariston\sito\it\simula\int7.htm --> www.nettuno.it /web/hosting3/margherita2000/sito/it/simula int7.htm
1999.11.30 18:35 B C:\WINDOWS\Desktop\master_ariston\sito\it\simula\super.htm --> www.nettuno.it /web/hosting3/margherita2000/sito/it/simula super.htm
1999.11.30 18:35 B C:\WINDOWS\Desktop\master_ariston\sito\it\simula\super2.htm --> www.nettuno.it /web/hosting3/margherita2000/sito/it/simula super2.htm
1999.11.30 18:35 B C:\WINDOWS\Desktop\master_ariston\sito\it\simula\super3.htm --> www.nettuno.it /web/hosting3/margherita2000/sito/it/simula super3.htm
1999.11.30 18:35 B C:\WINDOWS\Desktop\master_ariston\sito\it\simula\super4.htm --> www.nettuno.it /web/hosting3/margherita2000/sito/it/simula super4.htm
1999.11.30 18:35 B C:\WINDOWS\Desktop\master_ariston\sito\it\simula\super5.htm --> www.nettuno.it /web/hosting3/margherita2000/sito/it/simula super5.htm
1999.11.30 18:35 B C:\WINDOWS\Desktop\master_ariston\sito\it\simula\super6.htm --> www.nettuno.it /web/hosting3/margherita2000/sito/it/simula super6.htm
1999.11.30 18:35 B C:\WINDOWS\Desktop\master_ariston\sito\it\simula\super7.htm --> www.nettuno.it /web/hosting3/margherita2000/sito/it/simula super7.htm
1999.11.30 18:35 B C:\WINDOWS\Desktop\master_ariston\sito\it\simula\super8.htm --> www.nettuno.it /web/hosting3/margherita2000/sito/it/simula super8.htm
1999.11.30 18:35 B C:\WINDOWS\Desktop\master_ariston\sito\it\simula\simula2.htm --> www.nettuno.it /web/hosting3/margherita2000/sito/it/simula simula2.htm
1999.11.30 18:35 B C:\WINDOWS\Desktop\master_ariston\sito\it\simula\simula.htm --> www.nettuno.it /web/hosting3/margherita2000/sito/it/simula simula.htm
1999.11.30 18:36 B C:\WINDOWS\Desktop\master_ariston\sito\it\simula\mymargh.htm --> www.nettuno.it /web/hosting3/margherita2000/sito/it/simula mymargh.htm
1999.11.30 19:22 B C:\WINDOWS\Desktop\master_ariston\sito\it\simula\plug9.htm --> www.nettuno.it /web/hosting3/margherita2000/sito/it/simula plug9.htm
1999.11.30 20:42 B C:\WINDOWS\Desktop\master_ariston\sito\it\simula\int7.htm --> www.nettuno.it /web/hosting3/margherita2000/sito/it/simula int7.htm
1999.11.30 20:43 B C:\WINDOWS\Desktop\master_ariston\sito\it\simula\int8.htm --> www.nettuno.it /web/hosting3/margherita2000/sito/it/simula int8.htm
1999.11.30 20:43 B C:\WINDOWS\Desktop\master_ariston\sito\it\simula\int9.htm --> www.nettuno.it /web/hosting3/margherita2000/sito/it/simula int9.htm
1999.11.30 22:36 B C:\WINDOWS\Desktop\master_ariston\sito\it\simula\super8.htm --> www.nettuno.it /web/hosting3/margherita2000/sito/it/simula super8.htm
1999.11.30 22:36 B C:\WINDOWS\Desktop\master_ariston\sito\it\simula\simula.htm --> www.nettuno.it /web/hosting3/margherita2000/sito/it/simula simula.htm
1999.11.30 22:36 B C:\WINDOWS\Desktop\master_ariston\sito\it\simula\super9.htm --> www.nettuno.it /web/hosting3/margherita2000/sito/it/simula super9.htm
1999.11.30 22:36 B C:\WINDOWS\Desktop\master_ariston\sito\it\simula\super10.htm --> www.nettuno.it /web/hosting3/margherita2000/sito/it/simula super10.htm
1999.12.01 09:53 B C:\WINDOWS\Desktop\master_ariston\sito\it\simula\super10.htm --> www.nettuno.it /web/hosting3/margherita2000/sito/it/simula super10.htm
1999.12.01 09:57 B C:\WINDOWS\Desktop\master_ariston\sito\it\simula\mymargh.htm --> www.nettuno.it /web/hosting3/margherita2000/sito/it/simula mymargh.htm
99.12.01 17:51 B D:\master_ariston\sito\it\simula\mymargh.htm --> www.nettuno.it /web/hosting3/margherita2000/sito/it/simula mymargh.htm
99.12.01 17:51 B D:\master_ariston\sito\it\simula\plug2.htm --> www.nettuno.it /web/hosting3/margherita2000/sito/it/simula plug2.htm
99.12.01 17:51 B D:\master_ariston\sito\it\simula\simula.htm --> www.nettuno.it /web/hosting3/margherita2000/sito/it/simula simula.htm
99.12.01 17:51 B D:\master_ariston\sito\it\simula\plug8.htm --> www.nettuno.it /web/hosting3/margherita2000/sito/it/simula plug8.htm
99.12.01 17:51 B D:\master_ariston\sito\it\simula\plug9.htm --> www.nettuno.it /web/hosting3/margherita2000/sito/it/simula plug9.htm
99.12.01 17:51 B D:\master_ariston\sito\it\simula\plugsi.htm --> www.nettuno.it /web/hosting3/margherita2000/sito/it/simula plugsi.htm
99.12.01 17:51 B D:\master_ariston\sito\it\simula\plug10.htm --> www.nettuno.it /web/hosting3/margherita2000/sito/it/simula plug10.htm
99.12.01 17:51 B D:\master_ariston\sito\it\simula\super8.htm --> www.nettuno.it /web/hosting3/margherita2000/sito/it/simula super8.htm
99.12.01 17:51 B D:\master_ariston\sito\it\simula\super10.htm --> www.nettuno.it /web/hosting3/margherita2000/sito/it/simula super10.htm
99.12.01 17:51 B D:\master_ariston\sito\it\simula\int7.htm --> www.nettuno.it /web/hosting3/margherita2000/sito/it/simula int7.htm
99.12.01 17:51 B D:\master_ariston\sito\it\simula\int9.htm --> www.nettuno.it /web/hosting3/margherita2000/sito/it/simula int9.htm
1999.12.02 11:33 B D:\master_ariston\sito\it\simula\int8.htm --> www.nettuno.it /web/hosting3/margherita2000/sito/it/simula int8.htm
1999.12.02 11:33 B D:\master_ariston\sito\it\simula\int9.htm --> www.nettuno.it /web/hosting3/margherita2000/sito/it/simula int9.htm
1999.12.02 11:33 B D:\master_ariston\sito\it\simula\mymargh.htm --> www.nettuno.it /web/hosting3/margherita2000/sito/it/simula mymargh.htm
1999.12.02 11:33 B D:\master_ariston\sito\it\simula\simula.htm --> www.nettuno.it /web/hosting3/margherita2000/sito/it/simula simula.htm
1999.12.02 11:33 B D:\master_ariston\sito\it\simula\int.htm --> www.nettuno.it /web/hosting3/margherita2000/sito/it/simula int.htm
1999.12.02 11:33 B D:\master_ariston\sito\it\simula\int2.htm --> www.nettuno.it /web/hosting3/margherita2000/sito/it/simula int2.htm
1999.12.02 11:42 B D:\master_ariston\sito\it\simula\int3.htm --> www.nettuno.it /web/hosting3/margherita2000/sito/it/simula/img int3.htm
1999.12.02 11:42 B D:\master_ariston\sito\it\simula\int4.htm --> www.nettuno.it /web/hosting3/margherita2000/sito/it/simula/img int4.htm
1999.12.02 11:42 B D:\master_ariston\sito\it\simula\int5.htm --> www.nettuno.it /web/hosting3/margherita2000/sito/it/simula/img int5.htm
1999.12.02 11:42 B D:\master_ariston\sito\it\simula\int6.htm --> www.nettuno.it /web/hosting3/margherita2000/sito/it/simula/img int6.htm
1999.12.02 11:42 B D:\master_ariston\sito\it\simula\int7.htm --> www.nettuno.it /web/hosting3/margherita2000/sito/it/simula/img int7.htm
1999.12.02 11:42 B D:\master_ariston\sito\it\simula\int8.htm --> www.nettuno.it /web/hosting3/margherita2000/sito/it/simula/img int8.htm
1999.12.02 11:42 B D:\master_ariston\sito\it\simula\int9.htm --> www.nettuno.it /web/hosting3/margherita2000/sito/it/simula/img int9.htm
1999.12.02 11:42 B D:\master_ariston\sito\it\simula\plug.htm --> www.nettuno.it /web/hosting3/margherita2000/sito/it/simula/img plug.htm
1999.12.02 11:42 B D:\master_ariston\sito\it\simula\plug10.htm --> www.nettuno.it /web/hosting3/margherita2000/sito/it/simula/img plug10.htm
1999.12.02 11:42 B D:\master_ariston\sito\it\simula\plug2.htm --> www.nettuno.it /web/hosting3/margherita2000/sito/it/simula/img plug2.htm
1999.12.02 11:42 B D:\master_ariston\sito\it\simula\plug3.htm --> www.nettuno.it /web/hosting3/margherita2000/sito/it/simula/img plug3.htm
1999.12.02 11:42 B D:\master_ariston\sito\it\simula\plug4.htm --> www.nettuno.it /web/hosting3/margherita2000/sito/it/simula/img plug4.htm
1999.12.02 11:42 B D:\master_ariston\sito\it\simula\plug5.htm --> www.nettuno.it /web/hosting3/margherita2000/sito/it/simula/img plug5.htm
1999.12.02 11:42 B D:\master_ariston\sito\it\simula\plug6.htm --> www.nettuno.it /web/hosting3/margherita2000/sito/it/simula/img plug6.htm
1999.12.02 11:42 B D:\master_ariston\sito\it\simula\plug7.htm --> www.nettuno.it /web/hosting3/margherita2000/sito/it/simula/img plug7.htm
1999.12.02 11:42 B D:\master_ariston\sito\it\simula\plug8.htm --> www.nettuno.it /web/hosting3/margherita2000/sito/it/simula/img plug8.htm
1999.12.02 11:43 B D:\master_ariston\sito\it\simula\plug9.htm --> www.nettuno.it /web/hosting3/margherita2000/sito/it/simula/img plug9.htm
1999.12.02 11:43 B D:\master_ariston\sito\it\simula\plugsi.htm --> www.nettuno.it /web/hosting3/margherita2000/sito/it/simula/img plugsi.htm
1999.12.02 11:43 B D:\master_ariston\sito\it\simula\simula2.htm --> www.nettuno.it /web/hosting3/margherita2000/sito/it/simula/img simula2.htm
1999.12.02 11:43 B D:\master_ariston\sito\it\simula\super.htm --> www.nettuno.it /web/hosting3/margherita2000/sito/it/simula/img super.htm
1999.12.02 11:43 B D:\master_ariston\sito\it\simula\super10.htm --> www.nettuno.it /web/hosting3/margherita2000/sito/it/simula/img super10.htm
1999.12.02 11:43 B D:\master_ariston\sito\it\simula\super2.htm --> www.nettuno.it /web/hosting3/margherita2000/sito/it/simula/img super2.htm
1999.12.02 11:43 B D:\master_ariston\sito\it\simula\super3.htm --> www.nettuno.it /web/hosting3/margherita2000/sito/it/simula/img super3.htm
1999.12.02 11:43 B D:\master_ariston\sito\it\simula\super4.htm --> www.nettuno.it /web/hosting3/margherita2000/sito/it/simula/img super4.htm
1999.12.02 11:43 B D:\master_ariston\sito\it\simula\super5.htm --> www.nettuno.it /web/hosting3/margherita2000/sito/it/simula/img super5.htm
1999.12.02 11:43 B D:\master_ariston\sito\it\simula\super6.htm --> www.nettuno.it /web/hosting3/margherita2000/sito/it/simula/img super6.htm
1999.12.02 11:43 B D:\master_ariston\sito\it\simula\super7.htm --> www.nettuno.it /web/hosting3/margherita2000/sito/it/simula/img super7.htm
1999.12.02 11:43 B D:\master_ariston\sito\it\simula\super8.htm --> www.nettuno.it /web/hosting3/margherita2000/sito/it/simula/img super8.htm
1999.12.02 11:43 B D:\master_ariston\sito\it\simula\super9.htm --> www.nettuno.it /web/hosting3/margherita2000/sito/it/simula/img super9.htm
1999.12.02 11:45 B D:\master_ariston\sito\it\simula\mymargh.htm --> www.nettuno.it /web/hosting3/margherita2000/sito/it/simula mymargh.htm
1999.12.02 11:45 B D:\master_ariston\sito\it\simula\simula.htm --> www.nettuno.it /web/hosting3/margherita2000/sito/it/simula simula.htm
1999.12.02 11:54 B D:\master_ariston\sito\it\simula\mymargh.htm --> www.nettuno.it /web/hosting3/margherita2000/sito/it/simula mymargh.htm
1999.12.02 11:54 B D:\master_ariston\sito\it\simula\simula.htm --> www.nettuno.it /web/hosting3/margherita2000/sito/it/simula simula.htm
1999.12.02 11:54 B D:\master_ariston\sito\it\simula\plug9.htm --> www.nettuno.it /web/hosting3/margherita2000/sito/it/simula plug9.htm
1999.12.02 11:54 B D:\master_ariston\sito\it\simula\int9.htm --> www.nettuno.it /web/hosting3/margherita2000/sito/it/simula int9.htm
