1999.11.30 11:32 B C:\WINDOWS\Desktop\master_ariston\sito\it\contatta\con_dx.htm --> www.nettuno.it /web/hosting3/margherita2000/sito/it/contatta con_dx.htm
1999.11.30 11:32 B C:\WINDOWS\Desktop\master_ariston\sito\it\contatta\con_main.htm --> www.nettuno.it /web/hosting3/margherita2000/sito/it/contatta con_main.htm
1999.11.30 11:33 B C:\WINDOWS\Desktop\master_ariston\sito\it\contatta\cont.htm --> www.nettuno.it /web/hosting3/margherita2000/sito/it/contatta cont.htm
1999.11.30 11:33 B C:\WINDOWS\Desktop\master_ariston\sito\it\contatta\cont2.htm --> www.nettuno.it /web/hosting3/margherita2000/sito/it/contatta cont2.htm
1999.11.30 11:33 B C:\WINDOWS\Desktop\master_ariston\sito\it\contatta\contatti.htm --> www.nettuno.it /web/hosting3/margherita2000/sito/it/contatta contatti.htm
1999.11.30 12:47 B C:\WINDOWS\Desktop\master_ariston\sito\it\contatta\cont.htm --> www.nettuno.it /web/hosting3/margherita2000/sito/it/contatta cont.htm
1999.11.30 12:47 B C:\WINDOWS\Desktop\master_ariston\sito\it\contatta\contatti.htm --> www.nettuno.it /web/hosting3/margherita2000/sito/it/contatta contatti.htm
1999.11.30 12:51 B C:\WINDOWS\Desktop\master_ariston\sito\it\contatta\con_dx.htm --> www.nettuno.it /web/hosting3/margherita2000/sito/it/contatta con_dx.htm
1999.11.30 12:51 B C:\WINDOWS\Desktop\master_ariston\sito\it\contatta\con_main.htm --> www.nettuno.it /web/hosting3/margherita2000/sito/it/contatta con_main.htm
1999.11.30 12:51 B C:\WINDOWS\Desktop\master_ariston\sito\it\contatta\cont.htm --> www.nettuno.it /web/hosting3/margherita2000/sito/it/contatta cont.htm
1999.11.30 12:51 B C:\WINDOWS\Desktop\master_ariston\sito\it\contatta\cont2.htm --> www.nettuno.it /web/hosting3/margherita2000/sito/it/contatta cont2.htm
1999.11.30 12:51 B C:\WINDOWS\Desktop\master_ariston\sito\it\contatta\contatti.htm --> www.nettuno.it /web/hosting3/margherita2000/sito/it/contatta contatti.htm
1999.11.30 13:00 B C:\WINDOWS\Desktop\master_ariston\sito\it\contatta\contatti.htm --> www.nettuno.it /web/hosting3/margherita2000/sito/it/contatta contatti.htm
1999.11.30 13:00 B C:\WINDOWS\Desktop\master_ariston\sito\it\contatta\cont.htm --> www.nettuno.it /web/hosting3/margherita2000/sito/it/contatta cont.htm
1999.11.30 13:01 B C:\WINDOWS\Desktop\master_ariston\sito\it\contatta\con_main.htm --> www.nettuno.it /web/hosting3/margherita2000/sito/it/contatta con_main.htm
1999.11.30 13:04 B C:\WINDOWS\Desktop\master_ariston\sito\it\contatta\contatti.htm --> www.nettuno.it /web/hosting3/margherita2000/sito/it/contatta contatti.htm
1999.11.30 13:04 B C:\WINDOWS\Desktop\master_ariston\sito\it\contatta\cont.htm --> www.nettuno.it /web/hosting3/margherita2000/sito/it/contatta cont.htm
1999.11.30 13:04 B C:\WINDOWS\Desktop\master_ariston\sito\it\contatta\con_main.htm --> www.nettuno.it /web/hosting3/margherita2000/sito/it/contatta con_main.htm
1999.11.30 13:04 B C:\WINDOWS\Desktop\master_ariston\sito\it\contatta\WS_FTP.LOG --> www.nettuno.it /web/hosting3/margherita2000/sito/it/contatta WS_FTP.LOG
1999.12.02 11:32 B D:\master_ariston\sito\it\contatta\contatti.htm --> www.nettuno.it /web/hosting3/margherita2000/sito/it/contatta contatti.htm
1999.12.02 11:32 B D:\master_ariston\sito\it\contatta\con_dx.htm --> www.nettuno.it /web/hosting3/margherita2000/sito/it/contatta con_dx.htm
1999.12.02 11:32 B D:\master_ariston\sito\it\contatta\con_main.htm --> www.nettuno.it /web/hosting3/margherita2000/sito/it/contatta con_main.htm
