1999.11.30 17:53 B C:\WINDOWS\Desktop\master_ariston\wrap\it\agenda\img\11.gif --> www.nettuno.it /web/hosting3/margherita2000/wrap/it/agenda/img 11.gif
1999.11.30 17:54 B C:\WINDOWS\Desktop\master_ariston\wrap\it\agenda\img\12.jpg --> www.nettuno.it /web/hosting3/margherita2000/wrap/it/agenda/img 12.jpg
1999.11.30 17:54 B C:\WINDOWS\Desktop\master_ariston\wrap\it\agenda\img\121.gif --> www.nettuno.it /web/hosting3/margherita2000/wrap/it/agenda/img 121.gif
1999.11.30 17:54 B C:\WINDOWS\Desktop\master_ariston\wrap\it\agenda\img\121pad.gif --> www.nettuno.it /web/hosting3/margherita2000/wrap/it/agenda/img 121pad.gif
1999.11.30 17:54 B C:\WINDOWS\Desktop\master_ariston\wrap\it\agenda\img\19.jpg --> www.nettuno.it /web/hosting3/margherita2000/wrap/it/agenda/img 19.jpg
1999.11.30 17:54 B C:\WINDOWS\Desktop\master_ariston\wrap\it\agenda\img\191.gif --> www.nettuno.it /web/hosting3/margherita2000/wrap/it/agenda/img 191.gif
1999.11.30 17:54 B C:\WINDOWS\Desktop\master_ariston\wrap\it\agenda\img\191pad.gif --> www.nettuno.it /web/hosting3/margherita2000/wrap/it/agenda/img 191pad.gif
1999.11.30 17:54 B C:\WINDOWS\Desktop\master_ariston\wrap\it\agenda\img\6.jpg --> www.nettuno.it /web/hosting3/margherita2000/wrap/it/agenda/img 6.jpg
1999.11.30 17:54 B C:\WINDOWS\Desktop\master_ariston\wrap\it\agenda\img\61.gif --> www.nettuno.it /web/hosting3/margherita2000/wrap/it/agenda/img 61.gif
1999.11.30 17:54 B C:\WINDOWS\Desktop\master_ariston\wrap\it\agenda\img\61pad.gif --> www.nettuno.it /web/hosting3/margherita2000/wrap/it/agenda/img 61pad.gif
1999.11.30 17:54 B C:\WINDOWS\Desktop\master_ariston\wrap\it\agenda\img\agendaa.jpg --> www.nettuno.it /web/hosting3/margherita2000/wrap/it/agenda/img agendaa.jpg
1999.11.30 17:54 B C:\WINDOWS\Desktop\master_ariston\wrap\it\agenda\img\agendaa1.jpg --> www.nettuno.it /web/hosting3/margherita2000/wrap/it/agenda/img agendaa1.jpg
1999.11.30 17:54 B C:\WINDOWS\Desktop\master_ariston\wrap\it\agenda\img\agendas.jpg --> www.nettuno.it /web/hosting3/margherita2000/wrap/it/agenda/img agendas.jpg
1999.11.30 17:54 B C:\WINDOWS\Desktop\master_ariston\wrap\it\agenda\img\agendas1.jpg --> www.nettuno.it /web/hosting3/margherita2000/wrap/it/agenda/img agendas1.jpg
1999.11.30 17:54 B C:\WINDOWS\Desktop\master_ariston\wrap\it\agenda\img\calendar.jpg --> www.nettuno.it /web/hosting3/margherita2000/wrap/it/agenda/img calendar.jpg
1999.11.30 17:54 B C:\WINDOWS\Desktop\master_ariston\wrap\it\agenda\img\carellin.gif --> www.nettuno.it /web/hosting3/margherita2000/wrap/it/agenda/img carellin.gif
1999.11.30 17:54 B C:\WINDOWS\Desktop\master_ariston\wrap\it\agenda\img\eshoppin.jpg --> www.nettuno.it /web/hosting3/margherita2000/wrap/it/agenda/img eshoppin.jpg
1999.11.30 17:54 B C:\WINDOWS\Desktop\master_ariston\wrap\it\agenda\img\FINDER.DAT --> www.nettuno.it /web/hosting3/margherita2000/wrap/it/agenda/img FINDER.DAT
1999.11.30 17:54 B C:\WINDOWS\Desktop\master_ariston\wrap\it\agenda\img\invia.gif --> www.nettuno.it /web/hosting3/margherita2000/wrap/it/agenda/img invia.gif
1999.11.30 17:54 B C:\WINDOWS\Desktop\master_ariston\wrap\it\agenda\img\lista.gif --> www.nettuno.it /web/hosting3/margherita2000/wrap/it/agenda/img lista.gif
1999.11.30 17:55 B C:\WINDOWS\Desktop\master_ariston\wrap\it\agenda\img\notepad.jpg --> www.nettuno.it /web/hosting3/margherita2000/wrap/it/agenda/img notepad.jpg
1999.11.30 17:55 B C:\WINDOWS\Desktop\master_ariston\wrap\it\agenda\img\notepadt.gif --> www.nettuno.it /web/hosting3/margherita2000/wrap/it/agenda/img notepadt.gif
1999.11.30 17:55 B C:\WINDOWS\Desktop\master_ariston\wrap\it\agenda\img\ordine.gif --> www.nettuno.it /web/hosting3/margherita2000/wrap/it/agenda/img ordine.gif
1999.11.30 17:55 B C:\WINDOWS\Desktop\master_ariston\wrap\it\agenda\img\pezza.jpg --> www.nettuno.it /web/hosting3/margherita2000/wrap/it/agenda/img pezza.jpg
1999.11.30 17:55 B C:\WINDOWS\Desktop\master_ariston\wrap\it\agenda\img\shopa.jpg --> www.nettuno.it /web/hosting3/margherita2000/wrap/it/agenda/img shopa.jpg
1999.11.30 17:55 B C:\WINDOWS\Desktop\master_ariston\wrap\it\agenda\img\shoppa.jpg --> www.nettuno.it /web/hosting3/margherita2000/wrap/it/agenda/img shoppa.jpg
1999.11.30 17:55 B C:\WINDOWS\Desktop\master_ariston\wrap\it\agenda\img\shopps.jpg --> www.nettuno.it /web/hosting3/margherita2000/wrap/it/agenda/img shopps.jpg
1999.11.30 17:55 B C:\WINDOWS\Desktop\master_ariston\wrap\it\agenda\img\shops.jpg --> www.nettuno.it /web/hosting3/margherita2000/wrap/it/agenda/img shops.jpg
1999.11.30 17:55 B C:\WINDOWS\Desktop\master_ariston\wrap\it\agenda\img\stringa.gif --> www.nettuno.it /web/hosting3/margherita2000/wrap/it/agenda/img stringa.gif
