1999.11.30 18:06 B C:\WINDOWS\Desktop\master_ariston\wrap\it\img\01TIT.GIF --> www.nettuno.it /web/hosting3/margherita2000/wrap/it/img 01TIT.GIF
1999.11.30 18:06 B C:\WINDOWS\Desktop\master_ariston\wrap\it\img\02TIT.GIF --> www.nettuno.it /web/hosting3/margherita2000/wrap/it/img 02TIT.GIF
1999.11.30 18:06 B C:\WINDOWS\Desktop\master_ariston\wrap\it\img\03TIT.GIF --> www.nettuno.it /web/hosting3/margherita2000/wrap/it/img 03TIT.GIF
1999.11.30 18:06 B C:\WINDOWS\Desktop\master_ariston\wrap\it\img\04ATIT.GIF --> www.nettuno.it /web/hosting3/margherita2000/wrap/it/img 04ATIT.GIF
1999.11.30 18:06 B C:\WINDOWS\Desktop\master_ariston\wrap\it\img\04BTIT.GIF --> www.nettuno.it /web/hosting3/margherita2000/wrap/it/img 04BTIT.GIF
1999.11.30 18:06 B C:\WINDOWS\Desktop\master_ariston\wrap\it\img\04TIT.GIF --> www.nettuno.it /web/hosting3/margherita2000/wrap/it/img 04TIT.GIF
1999.11.30 18:06 B C:\WINDOWS\Desktop\master_ariston\wrap\it\img\05TIT.GIF --> www.nettuno.it /web/hosting3/margherita2000/wrap/it/img 05TIT.GIF
1999.11.30 18:06 B C:\WINDOWS\Desktop\master_ariston\wrap\it\img\06TIT.GIF --> www.nettuno.it /web/hosting3/margherita2000/wrap/it/img 06TIT.GIF
1999.11.30 18:06 B C:\WINDOWS\Desktop\master_ariston\wrap\it\img\07TIT.GIF --> www.nettuno.it /web/hosting3/margherita2000/wrap/it/img 07TIT.GIF
1999.11.30 18:06 B C:\WINDOWS\Desktop\master_ariston\wrap\it\img\08ATIT.GIF --> www.nettuno.it /web/hosting3/margherita2000/wrap/it/img 08ATIT.GIF
1999.11.30 18:06 B C:\WINDOWS\Desktop\master_ariston\wrap\it\img\08BTIT.GIF --> www.nettuno.it /web/hosting3/margherita2000/wrap/it/img 08BTIT.GIF
1999.11.30 18:06 B C:\WINDOWS\Desktop\master_ariston\wrap\it\img\08TIT.GIF --> www.nettuno.it /web/hosting3/margherita2000/wrap/it/img 08TIT.GIF
1999.11.30 18:06 B C:\WINDOWS\Desktop\master_ariston\wrap\it\img\09TIT.GIF --> www.nettuno.it /web/hosting3/margherita2000/wrap/it/img 09TIT.GIF
1999.11.30 18:06 B C:\WINDOWS\Desktop\master_ariston\wrap\it\img\aridigs.gif --> www.nettuno.it /web/hosting3/margherita2000/wrap/it/img aridigs.gif
1999.11.30 18:06 B C:\WINDOWS\Desktop\master_ariston\wrap\it\img\aristona.gif --> www.nettuno.it /web/hosting3/margherita2000/wrap/it/img aristona.gif
1999.11.30 18:06 B C:\WINDOWS\Desktop\master_ariston\wrap\it\img\b1.jpg --> www.nettuno.it /web/hosting3/margherita2000/wrap/it/img b1.jpg
1999.11.30 18:06 B C:\WINDOWS\Desktop\master_ariston\wrap\it\img\b1gko.jpg --> www.nettuno.it /web/hosting3/margherita2000/wrap/it/img b1gko.jpg
1999.11.30 18:06 B C:\WINDOWS\Desktop\master_ariston\wrap\it\img\b1gok.jpg --> www.nettuno.it /web/hosting3/margherita2000/wrap/it/img b1gok.jpg
1999.11.30 18:06 B C:\WINDOWS\Desktop\master_ariston\wrap\it\img\b2.jpg --> www.nettuno.it /web/hosting3/margherita2000/wrap/it/img b2.jpg
1999.11.30 18:06 B C:\WINDOWS\Desktop\master_ariston\wrap\it\img\b2gko.jpg --> www.nettuno.it /web/hosting3/margherita2000/wrap/it/img b2gko.jpg
1999.11.30 18:06 B C:\WINDOWS\Desktop\master_ariston\wrap\it\img\b2gok.jpg --> www.nettuno.it /web/hosting3/margherita2000/wrap/it/img b2gok.jpg
1999.11.30 18:06 B C:\WINDOWS\Desktop\master_ariston\wrap\it\img\b3.jpg --> www.nettuno.it /web/hosting3/margherita2000/wrap/it/img b3.jpg
1999.11.30 18:06 B C:\WINDOWS\Desktop\master_ariston\wrap\it\img\b4.jpg --> www.nettuno.it /web/hosting3/margherita2000/wrap/it/img b4.jpg
1999.11.30 18:06 B C:\WINDOWS\Desktop\master_ariston\wrap\it\img\b5.jpg --> www.nettuno.it /web/hosting3/margherita2000/wrap/it/img b5.jpg
1999.11.30 18:06 B C:\WINDOWS\Desktop\master_ariston\wrap\it\img\b6.jpg --> www.nettuno.it /web/hosting3/margherita2000/wrap/it/img b6.jpg
1999.11.30 18:06 B C:\WINDOWS\Desktop\master_ariston\wrap\it\img\b7.jpg --> www.nettuno.it /web/hosting3/margherita2000/wrap/it/img b7.jpg
1999.11.30 18:06 B C:\WINDOWS\Desktop\master_ariston\wrap\it\img\b8.jpg --> www.nettuno.it /web/hosting3/margherita2000/wrap/it/img b8.jpg
1999.11.30 18:06 B C:\WINDOWS\Desktop\master_ariston\wrap\it\img\b9.jpg --> www.nettuno.it /web/hosting3/margherita2000/wrap/it/img b9.jpg
1999.11.30 18:06 B C:\WINDOWS\Desktop\master_ariston\wrap\it\img\bg.gif --> www.nettuno.it /web/hosting3/margherita2000/wrap/it/img bg.gif
1999.11.30 18:06 B C:\WINDOWS\Desktop\master_ariston\wrap\it\img\bg.jpg --> www.nettuno.it /web/hosting3/margherita2000/wrap/it/img bg.jpg
1999.11.30 18:07 B C:\WINDOWS\Desktop\master_ariston\wrap\it\img\bgalto.jpg --> www.nettuno.it /web/hosting3/margherita2000/wrap/it/img bgalto.jpg
1999.11.30 18:07 B C:\WINDOWS\Desktop\master_ariston\wrap\it\img\bgbasso.jpg --> www.nettuno.it /web/hosting3/margherita2000/wrap/it/img bgbasso.jpg
1999.11.30 18:07 B C:\WINDOWS\Desktop\master_ariston\wrap\it\img\bgcentro.jpg --> www.nettuno.it /web/hosting3/margherita2000/wrap/it/img bgcentro.jpg
1999.11.30 18:07 B C:\WINDOWS\Desktop\master_ariston\wrap\it\img\bglato.jpg --> www.nettuno.it /web/hosting3/margherita2000/wrap/it/img bglato.jpg
1999.11.30 18:07 B C:\WINDOWS\Desktop\master_ariston\wrap\it\img\bgmeno.jpg --> www.nettuno.it /web/hosting3/margherita2000/wrap/it/img bgmeno.jpg
1999.11.30 18:07 B C:\WINDOWS\Desktop\master_ariston\wrap\it\img\c1.jpg --> www.nettuno.it /web/hosting3/margherita2000/wrap/it/img c1.jpg
1999.11.30 18:07 B C:\WINDOWS\Desktop\master_ariston\wrap\it\img\c2.jpg --> www.nettuno.it /web/hosting3/margherita2000/wrap/it/img c2.jpg
1999.11.30 18:07 B C:\WINDOWS\Desktop\master_ariston\wrap\it\img\c3.jpg --> www.nettuno.it /web/hosting3/margherita2000/wrap/it/img c3.jpg
1999.11.30 18:07 B C:\WINDOWS\Desktop\master_ariston\wrap\it\img\c4.jpg --> www.nettuno.it /web/hosting3/margherita2000/wrap/it/img c4.jpg
1999.11.30 18:07 B C:\WINDOWS\Desktop\master_ariston\wrap\it\img\c5.jpg --> www.nettuno.it /web/hosting3/margherita2000/wrap/it/img c5.jpg
1999.11.30 18:07 B C:\WINDOWS\Desktop\master_ariston\wrap\it\img\c6.jpg --> www.nettuno.it /web/hosting3/margherita2000/wrap/it/img c6.jpg
1999.11.30 18:07 B C:\WINDOWS\Desktop\master_ariston\wrap\it\img\c7.jpg --> www.nettuno.it /web/hosting3/margherita2000/wrap/it/img c7.jpg
1999.11.30 18:07 B C:\WINDOWS\Desktop\master_ariston\wrap\it\img\c8.jpg --> www.nettuno.it /web/hosting3/margherita2000/wrap/it/img c8.jpg
1999.11.30 18:07 B C:\WINDOWS\Desktop\master_ariston\wrap\it\img\c9.jpg --> www.nettuno.it /web/hosting3/margherita2000/wrap/it/img c9.jpg
1999.11.30 18:07 B C:\WINDOWS\Desktop\master_ariston\wrap\it\img\chiaro.gif --> www.nettuno.it /web/hosting3/margherita2000/wrap/it/img chiaro.gif
1999.11.30 18:07 B C:\WINDOWS\Desktop\master_ariston\wrap\it\img\chioc.gif --> www.nettuno.it /web/hosting3/margherita2000/wrap/it/img chioc.gif
1999.11.30 18:08 B C:\WINDOWS\Desktop\master_ariston\wrap\it\img\cooking.jpg --> www.nettuno.it /web/hosting3/margherita2000/wrap/it/img cooking.jpg
1999.11.30 18:08 B C:\WINDOWS\Desktop\master_ariston\wrap\it\img\digitko.jpg --> www.nettuno.it /web/hosting3/margherita2000/wrap/it/img digitko.jpg
1999.11.30 18:08 B C:\WINDOWS\Desktop\master_ariston\wrap\it\img\digitok.jpg --> www.nettuno.it /web/hosting3/margherita2000/wrap/it/img digitok.jpg
1999.11.30 18:08 B C:\WINDOWS\Desktop\master_ariston\wrap\it\img\digoko.jpg --> www.nettuno.it /web/hosting3/margherita2000/wrap/it/img digoko.jpg
1999.11.30 18:08 B C:\WINDOWS\Desktop\master_ariston\wrap\it\img\digokog.jpg --> www.nettuno.it /web/hosting3/margherita2000/wrap/it/img digokog.jpg
1999.11.30 18:08 B C:\WINDOWS\Desktop\master_ariston\wrap\it\img\digook.jpg --> www.nettuno.it /web/hosting3/margherita2000/wrap/it/img digook.jpg
1999.11.30 18:08 B C:\WINDOWS\Desktop\master_ariston\wrap\it\img\digookg.jpg --> www.nettuno.it /web/hosting3/margherita2000/wrap/it/img digookg.jpg
1999.11.30 18:08 B C:\WINDOWS\Desktop\master_ariston\wrap\it\img\FINDER.DAT --> www.nettuno.it /web/hosting3/margherita2000/wrap/it/img FINDER.DAT
1999.11.30 18:09 B C:\WINDOWS\Desktop\master_ariston\wrap\it\img\fondohp.gif --> www.nettuno.it /web/hosting3/margherita2000/wrap/it/img fondohp.gif
1999.11.30 18:09 B C:\WINDOWS\Desktop\master_ariston\wrap\it\img\g1ko.jpg --> www.nettuno.it /web/hosting3/margherita2000/wrap/it/img g1ko.jpg
1999.11.30 18:09 B C:\WINDOWS\Desktop\master_ariston\wrap\it\img\g1ok.jpg --> www.nettuno.it /web/hosting3/margherita2000/wrap/it/img g1ok.jpg
1999.11.30 18:09 B C:\WINDOWS\Desktop\master_ariston\wrap\it\img\g2ko.jpg --> www.nettuno.it /web/hosting3/margherita2000/wrap/it/img g2ko.jpg
1999.11.30 18:09 B C:\WINDOWS\Desktop\master_ariston\wrap\it\img\g2ok.jpg --> www.nettuno.it /web/hosting3/margherita2000/wrap/it/img g2ok.jpg
1999.11.30 18:09 B C:\WINDOWS\Desktop\master_ariston\wrap\it\img\game.gif --> www.nettuno.it /web/hosting3/margherita2000/wrap/it/img game.gif
1999.11.30 18:09 B C:\WINDOWS\Desktop\master_ariston\wrap\it\img\h1ko.gif --> www.nettuno.it /web/hosting3/margherita2000/wrap/it/img h1ko.gif
1999.11.30 18:09 B C:\WINDOWS\Desktop\master_ariston\wrap\it\img\h1ok.gif --> www.nettuno.it /web/hosting3/margherita2000/wrap/it/img h1ok.gif
1999.11.30 18:09 B C:\WINDOWS\Desktop\master_ariston\wrap\it\img\h2ko.gif --> www.nettuno.it /web/hosting3/margherita2000/wrap/it/img h2ko.gif
1999.11.30 18:09 B C:\WINDOWS\Desktop\master_ariston\wrap\it\img\h2ok.gif --> www.nettuno.it /web/hosting3/margherita2000/wrap/it/img h2ok.gif
1999.11.30 18:09 B C:\WINDOWS\Desktop\master_ariston\wrap\it\img\h3ko.gif --> www.nettuno.it /web/hosting3/margherita2000/wrap/it/img h3ko.gif
1999.11.30 18:10 B C:\WINDOWS\Desktop\master_ariston\wrap\it\img\h3ok.gif --> www.nettuno.it /web/hosting3/margherita2000/wrap/it/img h3ok.gif
1999.11.30 18:10 B C:\WINDOWS\Desktop\master_ariston\wrap\it\img\h4ko.gif --> www.nettuno.it /web/hosting3/margherita2000/wrap/it/img h4ko.gif
1999.11.30 18:10 B C:\WINDOWS\Desktop\master_ariston\wrap\it\img\h4ok.gif --> www.nettuno.it /web/hosting3/margherita2000/wrap/it/img h4ok.gif
1999.11.30 18:10 B C:\WINDOWS\Desktop\master_ariston\wrap\it\img\h5ko.gif --> www.nettuno.it /web/hosting3/margherita2000/wrap/it/img h5ko.gif
1999.11.30 18:10 B C:\WINDOWS\Desktop\master_ariston\wrap\it\img\h5ok.gif --> www.nettuno.it /web/hosting3/margherita2000/wrap/it/img h5ok.gif
1999.11.30 18:10 B C:\WINDOWS\Desktop\master_ariston\wrap\it\img\h6ko.gif --> www.nettuno.it /web/hosting3/margherita2000/wrap/it/img h6ko.gif
1999.11.30 18:10 B C:\WINDOWS\Desktop\master_ariston\wrap\it\img\h6ok.gif --> www.nettuno.it /web/hosting3/margherita2000/wrap/it/img h6ok.gif
1999.11.30 18:10 B C:\WINDOWS\Desktop\master_ariston\wrap\it\img\h7ko.gif --> www.nettuno.it /web/hosting3/margherita2000/wrap/it/img h7ko.gif
1999.11.30 18:10 B C:\WINDOWS\Desktop\master_ariston\wrap\it\img\h7ok.gif --> www.nettuno.it /web/hosting3/margherita2000/wrap/it/img h7ok.gif
1999.11.30 18:10 B C:\WINDOWS\Desktop\master_ariston\wrap\it\img\h8ko.gif --> www.nettuno.it /web/hosting3/margherita2000/wrap/it/img h8ko.gif
1999.11.30 18:10 B C:\WINDOWS\Desktop\master_ariston\wrap\it\img\h8ok.gif --> www.nettuno.it /web/hosting3/margherita2000/wrap/it/img h8ok.gif
1999.11.30 18:10 B C:\WINDOWS\Desktop\master_ariston\wrap\it\img\h9ko.gif --> www.nettuno.it /web/hosting3/margherita2000/wrap/it/img h9ko.gif
1999.11.30 18:10 B C:\WINDOWS\Desktop\master_ariston\wrap\it\img\h9ok.gif --> www.nettuno.it /web/hosting3/margherita2000/wrap/it/img h9ok.gif
1999.11.30 18:10 B C:\WINDOWS\Desktop\master_ariston\wrap\it\img\hp2ko.gif --> www.nettuno.it /web/hosting3/margherita2000/wrap/it/img hp2ko.gif
1999.11.30 18:10 B C:\WINDOWS\Desktop\master_ariston\wrap\it\img\hp2ok.gif --> www.nettuno.it /web/hosting3/margherita2000/wrap/it/img hp2ok.gif
1999.11.30 18:10 B C:\WINDOWS\Desktop\master_ariston\wrap\it\img\intalto.jpg --> www.nettuno.it /web/hosting3/margherita2000/wrap/it/img intalto.jpg
1999.11.30 18:10 B C:\WINDOWS\Desktop\master_ariston\wrap\it\img\intbasso.jpg --> www.nettuno.it /web/hosting3/margherita2000/wrap/it/img intbasso.jpg
1999.11.30 18:10 B C:\WINDOWS\Desktop\master_ariston\wrap\it\img\intlato.jpg --> www.nettuno.it /web/hosting3/margherita2000/wrap/it/img intlato.jpg
1999.11.30 18:10 B C:\WINDOWS\Desktop\master_ariston\wrap\it\img\net-was0.jpg --> www.nettuno.it /web/hosting3/margherita2000/wrap/it/img net-was0.jpg
1999.11.30 18:10 B C:\WINDOWS\Desktop\master_ariston\wrap\it\img\net-wash.jpg --> www.nettuno.it /web/hosting3/margherita2000/wrap/it/img net-wash.jpg
1999.11.30 18:10 B C:\WINDOWS\Desktop\master_ariston\wrap\it\img\smile.gif --> www.nettuno.it /web/hosting3/margherita2000/wrap/it/img smile.gif
1999.11.30 18:10 B C:\WINDOWS\Desktop\master_ariston\wrap\it\img\smile2.gif --> www.nettuno.it /web/hosting3/margherita2000/wrap/it/img smile2.gif
1999.11.30 18:10 B C:\WINDOWS\Desktop\master_ariston\wrap\it\img\smileko.jpg --> www.nettuno.it /web/hosting3/margherita2000/wrap/it/img smileko.jpg
1999.11.30 18:11 B C:\WINDOWS\Desktop\master_ariston\wrap\it\img\smileok.jpg --> www.nettuno.it /web/hosting3/margherita2000/wrap/it/img smileok.jpg
1999.11.30 18:11 B C:\WINDOWS\Desktop\master_ariston\wrap\it\img\t01.gif --> www.nettuno.it /web/hosting3/margherita2000/wrap/it/img t01.gif
1999.11.30 18:11 B C:\WINDOWS\Desktop\master_ariston\wrap\it\img\t02.gif --> www.nettuno.it /web/hosting3/margherita2000/wrap/it/img t02.gif
1999.11.30 18:11 B C:\WINDOWS\Desktop\master_ariston\wrap\it\img\t03.gif --> www.nettuno.it /web/hosting3/margherita2000/wrap/it/img t03.gif
1999.11.30 18:11 B C:\WINDOWS\Desktop\master_ariston\wrap\it\img\t04.gif --> www.nettuno.it /web/hosting3/margherita2000/wrap/it/img t04.gif
1999.11.30 18:11 B C:\WINDOWS\Desktop\master_ariston\wrap\it\img\t05.gif --> www.nettuno.it /web/hosting3/margherita2000/wrap/it/img t05.gif
1999.11.30 18:11 B C:\WINDOWS\Desktop\master_ariston\wrap\it\img\t06.gif --> www.nettuno.it /web/hosting3/margherita2000/wrap/it/img t06.gif
1999.11.30 18:11 B C:\WINDOWS\Desktop\master_ariston\wrap\it\img\t07.gif --> www.nettuno.it /web/hosting3/margherita2000/wrap/it/img t07.gif
1999.11.30 18:11 B C:\WINDOWS\Desktop\master_ariston\wrap\it\img\t08.gif --> www.nettuno.it /web/hosting3/margherita2000/wrap/it/img t08.gif
1999.11.30 18:11 B C:\WINDOWS\Desktop\master_ariston\wrap\it\img\t09.gif --> www.nettuno.it /web/hosting3/margherita2000/wrap/it/img t09.gif
1999.11.30 18:11 B C:\WINDOWS\Desktop\master_ariston\wrap\it\img\t1.gif --> www.nettuno.it /web/hosting3/margherita2000/wrap/it/img t1.gif
1999.11.30 18:11 B C:\WINDOWS\Desktop\master_ariston\wrap\it\img\t10.gif --> www.nettuno.it /web/hosting3/margherita2000/wrap/it/img t10.gif
1999.11.30 18:11 B C:\WINDOWS\Desktop\master_ariston\wrap\it\img\torna.gif --> www.nettuno.it /web/hosting3/margherita2000/wrap/it/img torna.gif
1999.12.01 12:46 B C:\WINDOWS\Desktop\master_ariston\wrap\it\img\aridigs.gif --> www.nettuno.it /web/hosting3/margherita2000/wrap/it/img aridigs.gif
1999.12.01 12:46 B C:\WINDOWS\Desktop\master_ariston\wrap\it\img\aridiga.gif --> www.nettuno.it /web/hosting3/margherita2000/wrap/it/img aridiga.gif
