1999.11.30 18:15 B C:\WINDOWS\Desktop\master_ariston\wrap\it\servizi\alimentaz.htm --> www.nettuno.it /web/hosting3/margherita2000/wrap/it/servizi alimentaz.htm
1999.11.30 18:15 B C:\WINDOWS\Desktop\master_ariston\wrap\it\servizi\bucato1.htm --> www.nettuno.it /web/hosting3/margherita2000/wrap/it/servizi bucato1.htm
1999.11.30 18:15 B C:\WINDOWS\Desktop\master_ariston\wrap\it\servizi\consigli.htm --> www.nettuno.it /web/hosting3/margherita2000/wrap/it/servizi consigli.htm
1999.11.30 18:15 B C:\WINDOWS\Desktop\master_ariston\wrap\it\servizi\cottura.htm --> www.nettuno.it /web/hosting3/margherita2000/wrap/it/servizi cottura.htm
1999.11.30 18:15 B C:\WINDOWS\Desktop\master_ariston\wrap\it\servizi\cotturab.htm --> www.nettuno.it /web/hosting3/margherita2000/wrap/it/servizi cotturab.htm
1999.11.30 18:15 B C:\WINDOWS\Desktop\master_ariston\wrap\it\servizi\cotturac.htm --> www.nettuno.it /web/hosting3/margherita2000/wrap/it/servizi cotturac.htm
1999.11.30 18:15 B C:\WINDOWS\Desktop\master_ariston\wrap\it\servizi\etichette.htm --> www.nettuno.it /web/hosting3/margherita2000/wrap/it/servizi etichette.htm
1999.11.30 18:15 B C:\WINDOWS\Desktop\master_ariston\wrap\it\servizi\FINDER.DAT --> www.nettuno.it /web/hosting3/margherita2000/wrap/it/servizi FINDER.DAT
1999.11.30 18:15 B C:\WINDOWS\Desktop\master_ariston\wrap\it\servizi\freddo.htm --> www.nettuno.it /web/hosting3/margherita2000/wrap/it/servizi freddo.htm
1999.11.30 18:15 B C:\WINDOWS\Desktop\master_ariston\wrap\it\servizi\freddob.htm --> www.nettuno.it /web/hosting3/margherita2000/wrap/it/servizi freddob.htm
1999.11.30 18:15 B C:\WINDOWS\Desktop\master_ariston\wrap\it\servizi\freddoc.htm --> www.nettuno.it /web/hosting3/margherita2000/wrap/it/servizi freddoc.htm
1999.11.30 18:15 B C:\WINDOWS\Desktop\master_ariston\wrap\it\servizi\freddod.htm --> www.nettuno.it /web/hosting3/margherita2000/wrap/it/servizi freddod.htm
1999.11.30 18:15 B C:\WINDOWS\Desktop\master_ariston\wrap\it\servizi\intro.htm --> www.nettuno.it /web/hosting3/margherita2000/wrap/it/servizi intro.htm
1999.11.30 18:15 B C:\WINDOWS\Desktop\master_ariston\wrap\it\servizi\lavasc.htm --> www.nettuno.it /web/hosting3/margherita2000/wrap/it/servizi lavasc.htm
1999.11.30 18:15 B C:\WINDOWS\Desktop\master_ariston\wrap\it\servizi\ser_lato.htm --> www.nettuno.it /web/hosting3/margherita2000/wrap/it/servizi ser_lato.htm
1999.11.30 18:15 B C:\WINDOWS\Desktop\master_ariston\wrap\it\servizi\ser_main.htm --> www.nettuno.it /web/hosting3/margherita2000/wrap/it/servizi ser_main.htm
1999.11.30 18:15 B C:\WINDOWS\Desktop\master_ariston\wrap\it\servizi\ser_sx.htm --> www.nettuno.it /web/hosting3/margherita2000/wrap/it/servizi ser_sx.htm
1999.11.30 18:15 B C:\WINDOWS\Desktop\master_ariston\wrap\it\servizi\ser_top.htm --> www.nettuno.it /web/hosting3/margherita2000/wrap/it/servizi ser_top.htm
1999.11.30 18:15 B C:\WINDOWS\Desktop\master_ariston\wrap\it\servizi\servizi.htm --> www.nettuno.it /web/hosting3/margherita2000/wrap/it/servizi servizi.htm
1999.11.30 18:15 B C:\WINDOWS\Desktop\master_ariston\wrap\it\servizi\smile.htm --> www.nettuno.it /web/hosting3/margherita2000/wrap/it/servizi smile.htm
