1999.11.30 11:44 B C:\WINDOWS\Desktop\master_ariston\sito\it\img\aristit.gif --> www.nettuno.it /web/hosting3/margherita2000/sito/it/img aristit.gif
1999.11.30 11:44 B C:\WINDOWS\Desktop\master_ariston\sito\it\img\channel.gif --> www.nettuno.it /web/hosting3/margherita2000/sito/it/img channel.gif
1999.11.30 11:44 B C:\WINDOWS\Desktop\master_ariston\sito\it\img\contit.gif --> www.nettuno.it /web/hosting3/margherita2000/sito/it/img contit.gif
1999.11.30 11:44 B C:\WINDOWS\Desktop\master_ariston\sito\it\img\dove.gif --> www.nettuno.it /web/hosting3/margherita2000/sito/it/img dove.gif
1999.11.30 11:44 B C:\WINDOWS\Desktop\master_ariston\sito\it\img\dpit.gif --> www.nettuno.it /web/hosting3/margherita2000/sito/it/img dpit.gif
1999.11.30 11:44 B C:\WINDOWS\Desktop\master_ariston\sito\it\img\dpuk.gif --> www.nettuno.it /web/hosting3/margherita2000/sito/it/img dpuk.gif
1999.11.30 11:44 B C:\WINDOWS\Desktop\master_ariston\sito\it\img\eccohp.gif --> www.nettuno.it /web/hosting3/margherita2000/sito/it/img eccohp.gif
1999.11.30 11:44 B C:\WINDOWS\Desktop\master_ariston\sito\it\img\filodxhp.gif --> www.nettuno.it /web/hosting3/margherita2000/sito/it/img filodxhp.gif
1999.11.30 11:44 B C:\WINDOWS\Desktop\master_ariston\sito\it\img\filosxhp.gif --> www.nettuno.it /web/hosting3/margherita2000/sito/it/img filosxhp.gif
1999.11.30 11:44 B C:\WINDOWS\Desktop\master_ariston\sito\it\img\fogohp.gif --> www.nettuno.it /web/hosting3/margherita2000/sito/it/img fogohp.gif
1999.11.30 11:45 B C:\WINDOWS\Desktop\master_ariston\sito\it\img\fondohp.gif --> www.nettuno.it /web/hosting3/margherita2000/sito/it/img fondohp.gif
1999.11.30 11:45 B C:\WINDOWS\Desktop\master_ariston\sito\it\img\fortit.gif --> www.nettuno.it /web/hosting3/margherita2000/sito/it/img fortit.gif
1999.11.30 11:45 B C:\WINDOWS\Desktop\master_ariston\sito\it\img\hm2.gif --> www.nettuno.it /web/hosting3/margherita2000/sito/it/img hm2.gif
1999.11.30 11:45 B C:\WINDOWS\Desktop\master_ariston\sito\it\img\iconapu2.gif --> www.nettuno.it /web/hosting3/margherita2000/sito/it/img iconapu2.gif
1999.11.30 11:45 B C:\WINDOWS\Desktop\master_ariston\sito\it\img\iconapuz.gif --> www.nettuno.it /web/hosting3/margherita2000/sito/it/img iconapuz.gif
1999.11.30 11:45 B C:\WINDOWS\Desktop\master_ariston\sito\it\img\miatit.gif --> www.nettuno.it /web/hosting3/margherita2000/sito/it/img miatit.gif
1999.11.30 11:46 B C:\WINDOWS\Desktop\master_ariston\sito\it\img\myhp.gif --> www.nettuno.it /web/hosting3/margherita2000/sito/it/img myhp.gif
1999.11.30 11:46 B C:\WINDOWS\Desktop\master_ariston\sito\it\img\presstit.gif --> www.nettuno.it /web/hosting3/margherita2000/sito/it/img presstit.gif
1999.11.30 11:46 B C:\WINDOWS\Desktop\master_ariston\sito\it\img\protit.gif --> www.nettuno.it /web/hosting3/margherita2000/sito/it/img protit.gif
1999.11.30 11:46 B C:\WINDOWS\Desktop\master_ariston\sito\it\img\titolohp.gif --> www.nettuno.it /web/hosting3/margherita2000/sito/it/img titolohp.gif
1999.11.30 19:14 B C:\WINDOWS\Desktop\master_ariston\sito\it\img\protit.gif --> www.nettuno.it /web/hosting3/margherita2000/sito/it/simula/img protit.gif
1999.11.30 19:14 B C:\WINDOWS\Desktop\master_ariston\sito\it\img\miatit.gif --> www.nettuno.it /web/hosting3/margherita2000/sito/it/simula/img miatit.gif
1999.11.30 19:14 B C:\WINDOWS\Desktop\master_ariston\sito\it\img\filodxhp.gif --> www.nettuno.it /web/hosting3/margherita2000/sito/it/simula/img filodxhp.gif
1999.11.30 19:14 B C:\WINDOWS\Desktop\master_ariston\sito\it\img\filosxhp.gif --> www.nettuno.it /web/hosting3/margherita2000/sito/it/simula/img filosxhp.gif
1999.11.30 19:14 B C:\WINDOWS\Desktop\master_ariston\sito\it\img\fogohp.gif --> www.nettuno.it /web/hosting3/margherita2000/sito/it/simula/img fogohp.gif
1999.11.30 19:14 B C:\WINDOWS\Desktop\master_ariston\sito\it\img\fortit.gif --> www.nettuno.it /web/hosting3/margherita2000/sito/it/simula/img fortit.gif
1999.11.30 19:14 B C:\WINDOWS\Desktop\master_ariston\sito\it\img\aristit.gif --> www.nettuno.it /web/hosting3/margherita2000/sito/it/simula/img aristit.gif
1999.11.30 19:14 B C:\WINDOWS\Desktop\master_ariston\sito\it\img\contit.gif --> www.nettuno.it /web/hosting3/margherita2000/sito/it/simula/img contit.gif
1999.11.30 19:14 B C:\WINDOWS\Desktop\master_ariston\sito\it\img\hm2.gif --> www.nettuno.it /web/hosting3/margherita2000/sito/it/simula/img hm2.gif
1999.11.30 19:14 B C:\WINDOWS\Desktop\master_ariston\sito\it\img\iconapu2.gif --> www.nettuno.it /web/hosting3/margherita2000/sito/it/simula/img iconapu2.gif
1999.11.30 19:14 B C:\WINDOWS\Desktop\master_ariston\sito\it\img\dove.gif --> www.nettuno.it /web/hosting3/margherita2000/sito/it/simula/img dove.gif
1999.11.30 19:14 B C:\WINDOWS\Desktop\master_ariston\sito\it\img\channel.gif --> www.nettuno.it /web/hosting3/margherita2000/sito/it/simula/img channel.gif
1999.11.30 19:14 B C:\WINDOWS\Desktop\master_ariston\sito\it\img\eccohp.gif --> www.nettuno.it /web/hosting3/margherita2000/sito/it/simula/img eccohp.gif
1999.11.30 19:14 B C:\WINDOWS\Desktop\master_ariston\sito\it\img\myhp.gif --> www.nettuno.it /web/hosting3/margherita2000/sito/it/simula/img myhp.gif
1999.11.30 19:14 B C:\WINDOWS\Desktop\master_ariston\sito\it\img\titolohp.gif --> www.nettuno.it /web/hosting3/margherita2000/sito/it/simula/img titolohp.gif
1999.11.30 19:15 B C:\WINDOWS\Desktop\master_ariston\sito\it\img\fondohp.gif --> www.nettuno.it /web/hosting3/margherita2000/sito/it/simula/img fondohp.gif
1999.11.30 19:15 B C:\WINDOWS\Desktop\master_ariston\sito\it\img\presstit.gif --> www.nettuno.it /web/hosting3/margherita2000/sito/it/simula/img presstit.gif
1999.11.30 19:15 B C:\WINDOWS\Desktop\master_ariston\sito\it\img\dpit.gif --> www.nettuno.it /web/hosting3/margherita2000/sito/it/simula/img dpit.gif
1999.11.30 19:15 B C:\WINDOWS\Desktop\master_ariston\sito\it\img\dpuk.gif --> www.nettuno.it /web/hosting3/margherita2000/sito/it/simula/img dpuk.gif
1999.11.30 19:15 B C:\WINDOWS\Desktop\master_ariston\sito\it\img\cesta.gif --> www.nettuno.it /web/hosting3/margherita2000/sito/it/simula/img cesta.gif
1999.11.30 19:15 B C:\WINDOWS\Desktop\master_ariston\sito\it\img\mr1.gif --> www.nettuno.it /web/hosting3/margherita2000/sito/it/simula/img mr1.gif
1999.11.30 19:15 B C:\WINDOWS\Desktop\master_ariston\sito\it\img\mr2.gif --> www.nettuno.it /web/hosting3/margherita2000/sito/it/simula/img mr2.gif
1999.11.30 19:15 B C:\WINDOWS\Desktop\master_ariston\sito\it\img\txt.gif --> www.nettuno.it /web/hosting3/margherita2000/sito/it/simula/img txt.gif
1999.11.30 19:15 B C:\WINDOWS\Desktop\master_ariston\sito\it\img\iconapuz.gif --> www.nettuno.it /web/hosting3/margherita2000/sito/it/simula/img iconapuz.gif
1999.11.30 19:15 B C:\WINDOWS\Desktop\master_ariston\sito\it\img\02SX.GIF --> www.nettuno.it /web/hosting3/margherita2000/sito/it/simula/img 02SX.GIF
1999.11.30 19:15 B C:\WINDOWS\Desktop\master_ariston\sito\it\img\03SX.GIF --> www.nettuno.it /web/hosting3/margherita2000/sito/it/simula/img 03SX.GIF
1999.11.30 19:15 B C:\WINDOWS\Desktop\master_ariston\sito\it\img\04SX.GIF --> www.nettuno.it /web/hosting3/margherita2000/sito/it/simula/img 04SX.GIF
1999.11.30 19:15 B C:\WINDOWS\Desktop\master_ariston\sito\it\img\02DX.GIF --> www.nettuno.it /web/hosting3/margherita2000/sito/it/simula/img 02DX.GIF
1999.11.30 19:15 B C:\WINDOWS\Desktop\master_ariston\sito\it\img\03DX.GIF --> www.nettuno.it /web/hosting3/margherita2000/sito/it/simula/img 03DX.GIF
1999.11.30 19:15 B C:\WINDOWS\Desktop\master_ariston\sito\it\img\04DX.GIF --> www.nettuno.it /web/hosting3/margherita2000/sito/it/simula/img 04DX.GIF
1999.12.01 10:11 B C:\WINDOWS\Desktop\master_ariston\sito\it\img\iconapuz.gif --> www.nettuno.it /web/hosting3/margherita2000/sito/it/img iconapuz.gif
1999.12.01 12:06 B C:\WINDOWS\Desktop\master_ariston\sito\it\img\fortit.gif --> www.nettuno.it /web/hosting3/margherita2000/sito/it/img fortit.gif
1999.12.01 12:07 B C:\WINDOWS\Desktop\master_ariston\sito\it\img\fortit.gif --> www.nettuno.it /web/hosting3/margherita2000/sito/it/img fortit.gif
