1999.11.30 18:38 B C:\WINDOWS\Desktop\master_ariston\sito\it\simula\internet\uff2.jpg --> www.nettuno.it /web/hosting3/margherita2000/sito/it/simula/internet uff2.jpg
1999.11.30 18:38 B C:\WINDOWS\Desktop\master_ariston\sito\it\simula\internet\uff1.jpg --> www.nettuno.it /web/hosting3/margherita2000/sito/it/simula/internet uff1.jpg
1999.11.30 18:39 B C:\WINDOWS\Desktop\master_ariston\sito\it\simula\internet\uff7.jpg --> www.nettuno.it /web/hosting3/margherita2000/sito/it/simula/internet uff7.jpg
1999.11.30 18:39 B C:\WINDOWS\Desktop\master_ariston\sito\it\simula\internet\uff3a.jpg --> www.nettuno.it /web/hosting3/margherita2000/sito/it/simula/internet uff3a.jpg
1999.11.30 18:39 B C:\WINDOWS\Desktop\master_ariston\sito\it\simula\internet\uff6a.jpg --> www.nettuno.it /web/hosting3/margherita2000/sito/it/simula/internet uff6a.jpg
1999.11.30 18:39 B C:\WINDOWS\Desktop\master_ariston\sito\it\simula\internet\uff5.jpg --> www.nettuno.it /web/hosting3/margherita2000/sito/it/simula/internet uff5.jpg
1999.11.30 18:40 B C:\WINDOWS\Desktop\master_ariston\sito\it\simula\internet\uff4a.jpg --> www.nettuno.it /web/hosting3/margherita2000/sito/it/simula/internet uff4a.jpg
1999.11.30 20:19 B C:\WINDOWS\Desktop\master_ariston\sito\it\simula\internet\comandi.jpg --> www.nettuno.it /web/hosting3/margherita2000/sito/it/simula/internet comandi.jpg
1999.11.30 20:19 B C:\WINDOWS\Desktop\master_ariston\sito\it\simula\internet\lavat.gif --> www.nettuno.it /web/hosting3/margherita2000/sito/it/simula/internet lavat.gif
1999.11.30 20:19 B C:\WINDOWS\Desktop\master_ariston\sito\it\simula\internet\lavatric.gif --> www.nettuno.it /web/hosting3/margherita2000/sito/it/simula/internet lavatric.gif
1999.11.30 20:19 B C:\WINDOWS\Desktop\master_ariston\sito\it\simula\internet\macchiao.jpg --> www.nettuno.it /web/hosting3/margherita2000/sito/it/simula/internet macchiao.jpg
1999.11.30 20:19 B C:\WINDOWS\Desktop\master_ariston\sito\it\simula\internet\macchioo.jpg --> www.nettuno.it /web/hosting3/margherita2000/sito/it/simula/internet macchioo.jpg
1999.11.30 20:19 B C:\WINDOWS\Desktop\master_ariston\sito\it\simula\internet\mammaa.jpg --> www.nettuno.it /web/hosting3/margherita2000/sito/it/simula/internet mammaa.jpg
1999.11.30 20:19 B C:\WINDOWS\Desktop\master_ariston\sito\it\simula\internet\mammab.jpg --> www.nettuno.it /web/hosting3/margherita2000/sito/it/simula/internet mammab.jpg
1999.11.30 20:19 B C:\WINDOWS\Desktop\master_ariston\sito\it\simula\internet\minuto.gif --> www.nettuno.it /web/hosting3/margherita2000/sito/it/simula/internet minuto.gif
1999.11.30 20:19 B C:\WINDOWS\Desktop\master_ariston\sito\it\simula\internet\oka.jpg --> www.nettuno.it /web/hosting3/margherita2000/sito/it/simula/internet oka.jpg
1999.11.30 20:19 B C:\WINDOWS\Desktop\master_ariston\sito\it\simula\internet\okb.jpg --> www.nettuno.it /web/hosting3/margherita2000/sito/it/simula/internet okb.jpg
1999.11.30 20:19 B C:\WINDOWS\Desktop\master_ariston\sito\it\simula\internet\partoa.jpg --> www.nettuno.it /web/hosting3/margherita2000/sito/it/simula/internet partoa.jpg
1999.11.30 20:19 B C:\WINDOWS\Desktop\master_ariston\sito\it\simula\internet\partob.jpg --> www.nettuno.it /web/hosting3/margherita2000/sito/it/simula/internet partob.jpg
1999.11.30 20:19 B C:\WINDOWS\Desktop\master_ariston\sito\it\simula\internet\piegaoff.jpg --> www.nettuno.it /web/hosting3/margherita2000/sito/it/simula/internet piegaoff.jpg
1999.11.30 20:19 B C:\WINDOWS\Desktop\master_ariston\sito\it\simula\internet\piegaon.jpg --> www.nettuno.it /web/hosting3/margherita2000/sito/it/simula/internet piegaon.jpg
1999.11.30 20:19 B C:\WINDOWS\Desktop\master_ariston\sito\it\simula\internet\rotella0.jpg --> www.nettuno.it /web/hosting3/margherita2000/sito/it/simula/internet rotella0.jpg
1999.11.30 20:20 B C:\WINDOWS\Desktop\master_ariston\sito\it\simula\internet\rotella1.jpg --> www.nettuno.it /web/hosting3/margherita2000/sito/it/simula/internet rotella1.jpg
1999.11.30 20:20 B C:\WINDOWS\Desktop\master_ariston\sito\it\simula\internet\rotella2.jpg --> www.nettuno.it /web/hosting3/margherita2000/sito/it/simula/internet rotella2.jpg
1999.11.30 20:20 B C:\WINDOWS\Desktop\master_ariston\sito\it\simula\internet\secondi.gif --> www.nettuno.it /web/hosting3/margherita2000/sito/it/simula/internet secondi.gif
99.12.01 17:52 B D:\master_ariston\sito\it\simula\internet\secondi.gif --> www.nettuno.it /web/hosting3/margherita2000/sito/it/simula/internet secondi.gif
99.12.01 17:52 B D:\master_ariston\sito\it\simula\internet\minuto.gif --> www.nettuno.it /web/hosting3/margherita2000/sito/it/simula/internet minuto.gif
