1999.11.30 18:12 B C:\WINDOWS\Desktop\master_ariston\wrap\it\servizi\img\bal.gif --> www.nettuno.it /web/hosting3/margherita2000/wrap/it/servizi/img bal.gif
1999.11.30 18:12 B C:\WINDOWS\Desktop\master_ariston\wrap\it\servizi\img\botsche0.jpg --> www.nettuno.it /web/hosting3/margherita2000/wrap/it/servizi/img botsche0.jpg
1999.11.30 18:13 B C:\WINDOWS\Desktop\master_ariston\wrap\it\servizi\img\botsche1.jpg --> www.nettuno.it /web/hosting3/margherita2000/wrap/it/servizi/img botsche1.jpg
1999.11.30 18:13 B C:\WINDOWS\Desktop\master_ariston\wrap\it\servizi\img\botsche2.jpg --> www.nettuno.it /web/hosting3/margherita2000/wrap/it/servizi/img botsche2.jpg
1999.11.30 18:13 B C:\WINDOWS\Desktop\master_ariston\wrap\it\servizi\img\botsched.jpg --> www.nettuno.it /web/hosting3/margherita2000/wrap/it/servizi/img botsched.jpg
1999.11.30 18:13 B C:\WINDOWS\Desktop\master_ariston\wrap\it\servizi\img\cendigi0.jpg --> www.nettuno.it /web/hosting3/margherita2000/wrap/it/servizi/img cendigi0.jpg
1999.11.30 18:13 B C:\WINDOWS\Desktop\master_ariston\wrap\it\servizi\img\cendigit.jpg --> www.nettuno.it /web/hosting3/margherita2000/wrap/it/servizi/img cendigit.jpg
1999.11.30 18:13 B C:\WINDOWS\Desktop\master_ariston\wrap\it\servizi\img\conten1.gif --> www.nettuno.it /web/hosting3/margherita2000/wrap/it/servizi/img conten1.gif
1999.11.30 18:13 B C:\WINDOWS\Desktop\master_ariston\wrap\it\servizi\img\conten2.gif --> www.nettuno.it /web/hosting3/margherita2000/wrap/it/servizi/img conten2.gif
1999.11.30 18:13 B C:\WINDOWS\Desktop\master_ariston\wrap\it\servizi\img\conten3.gif --> www.nettuno.it /web/hosting3/margherita2000/wrap/it/servizi/img conten3.gif
1999.11.30 18:13 B C:\WINDOWS\Desktop\master_ariston\wrap\it\servizi\img\conten4.gif --> www.nettuno.it /web/hosting3/margherita2000/wrap/it/servizi/img conten4.gif
1999.11.30 18:13 B C:\WINDOWS\Desktop\master_ariston\wrap\it\servizi\img\conten5.gif --> www.nettuno.it /web/hosting3/margherita2000/wrap/it/servizi/img conten5.gif
1999.11.30 18:13 B C:\WINDOWS\Desktop\master_ariston\wrap\it\servizi\img\cottura1.gif --> www.nettuno.it /web/hosting3/margherita2000/wrap/it/servizi/img cottura1.gif
1999.11.30 18:13 B C:\WINDOWS\Desktop\master_ariston\wrap\it\servizi\img\cottura2.gif --> www.nettuno.it /web/hosting3/margherita2000/wrap/it/servizi/img cottura2.gif
1999.11.30 18:13 B C:\WINDOWS\Desktop\master_ariston\wrap\it\servizi\img\cottura3.gif --> www.nettuno.it /web/hosting3/margherita2000/wrap/it/servizi/img cottura3.gif
1999.11.30 18:13 B C:\WINDOWS\Desktop\master_ariston\wrap\it\servizi\img\cottura4.gif --> www.nettuno.it /web/hosting3/margherita2000/wrap/it/servizi/img cottura4.gif
1999.11.30 18:13 B C:\WINDOWS\Desktop\master_ariston\wrap\it\servizi\img\cottura5.gif --> www.nettuno.it /web/hosting3/margherita2000/wrap/it/servizi/img cottura5.gif
1999.11.30 18:13 B C:\WINDOWS\Desktop\master_ariston\wrap\it\servizi\img\csd.jpg --> www.nettuno.it /web/hosting3/margherita2000/wrap/it/servizi/img csd.jpg
1999.11.30 18:13 B C:\WINDOWS\Desktop\master_ariston\wrap\it\servizi\img\etic1.gif --> www.nettuno.it /web/hosting3/margherita2000/wrap/it/servizi/img etic1.gif
1999.11.30 18:13 B C:\WINDOWS\Desktop\master_ariston\wrap\it\servizi\img\etic10.gif --> www.nettuno.it /web/hosting3/margherita2000/wrap/it/servizi/img etic10.gif
1999.11.30 18:13 B C:\WINDOWS\Desktop\master_ariston\wrap\it\servizi\img\etic11.gif --> www.nettuno.it /web/hosting3/margherita2000/wrap/it/servizi/img etic11.gif
1999.11.30 18:13 B C:\WINDOWS\Desktop\master_ariston\wrap\it\servizi\img\etic12.gif --> www.nettuno.it /web/hosting3/margherita2000/wrap/it/servizi/img etic12.gif
1999.11.30 18:13 B C:\WINDOWS\Desktop\master_ariston\wrap\it\servizi\img\etic2.gif --> www.nettuno.it /web/hosting3/margherita2000/wrap/it/servizi/img etic2.gif
1999.11.30 18:13 B C:\WINDOWS\Desktop\master_ariston\wrap\it\servizi\img\etic3.gif --> www.nettuno.it /web/hosting3/margherita2000/wrap/it/servizi/img etic3.gif
1999.11.30 18:13 B C:\WINDOWS\Desktop\master_ariston\wrap\it\servizi\img\etic4.gif --> www.nettuno.it /web/hosting3/margherita2000/wrap/it/servizi/img etic4.gif
1999.11.30 18:13 B C:\WINDOWS\Desktop\master_ariston\wrap\it\servizi\img\etic5.gif --> www.nettuno.it /web/hosting3/margherita2000/wrap/it/servizi/img etic5.gif
1999.11.30 18:14 B C:\WINDOWS\Desktop\master_ariston\wrap\it\servizi\img\etic6.gif --> www.nettuno.it /web/hosting3/margherita2000/wrap/it/servizi/img etic6.gif
1999.11.30 18:14 B C:\WINDOWS\Desktop\master_ariston\wrap\it\servizi\img\etic7.gif --> www.nettuno.it /web/hosting3/margherita2000/wrap/it/servizi/img etic7.gif
1999.11.30 18:14 B C:\WINDOWS\Desktop\master_ariston\wrap\it\servizi\img\etic8.gif --> www.nettuno.it /web/hosting3/margherita2000/wrap/it/servizi/img etic8.gif
1999.11.30 18:14 B C:\WINDOWS\Desktop\master_ariston\wrap\it\servizi\img\etic9.gif --> www.nettuno.it /web/hosting3/margherita2000/wrap/it/servizi/img etic9.gif
1999.11.30 18:14 B C:\WINDOWS\Desktop\master_ariston\wrap\it\servizi\img\FINDER.DAT --> www.nettuno.it /web/hosting3/margherita2000/wrap/it/servizi/img FINDER.DAT
1999.11.30 18:14 B C:\WINDOWS\Desktop\master_ariston\wrap\it\servizi\img\lavat.jpg --> www.nettuno.it /web/hosting3/margherita2000/wrap/it/servizi/img lavat.jpg
1999.11.30 18:14 B C:\WINDOWS\Desktop\master_ariston\wrap\it\servizi\img\molla1.gif --> www.nettuno.it /web/hosting3/margherita2000/wrap/it/servizi/img molla1.gif
1999.11.30 18:14 B C:\WINDOWS\Desktop\master_ariston\wrap\it\servizi\img\molla3.gif --> www.nettuno.it /web/hosting3/margherita2000/wrap/it/servizi/img molla3.gif
1999.11.30 18:14 B C:\WINDOWS\Desktop\master_ariston\wrap\it\servizi\img\neve1.gif --> www.nettuno.it /web/hosting3/margherita2000/wrap/it/servizi/img neve1.gif
1999.11.30 18:14 B C:\WINDOWS\Desktop\master_ariston\wrap\it\servizi\img\neve2.gif --> www.nettuno.it /web/hosting3/margherita2000/wrap/it/servizi/img neve2.gif
1999.11.30 18:14 B C:\WINDOWS\Desktop\master_ariston\wrap\it\servizi\img\neve3.gif --> www.nettuno.it /web/hosting3/margherita2000/wrap/it/servizi/img neve3.gif
1999.11.30 18:14 B C:\WINDOWS\Desktop\master_ariston\wrap\it\servizi\img\neve4.gif --> www.nettuno.it /web/hosting3/margherita2000/wrap/it/servizi/img neve4.gif
1999.11.30 18:14 B C:\WINDOWS\Desktop\master_ariston\wrap\it\servizi\img\salva.gif --> www.nettuno.it /web/hosting3/margherita2000/wrap/it/servizi/img salva.gif
1999.11.30 18:14 B C:\WINDOWS\Desktop\master_ariston\wrap\it\servizi\img\serva.jpg --> www.nettuno.it /web/hosting3/margherita2000/wrap/it/servizi/img serva.jpg
1999.11.30 18:14 B C:\WINDOWS\Desktop\master_ariston\wrap\it\servizi\img\servs.jpg --> www.nettuno.it /web/hosting3/margherita2000/wrap/it/servizi/img servs.jpg
1999.11.30 18:14 B C:\WINDOWS\Desktop\master_ariston\wrap\it\servizi\img\smilea.jpg --> www.nettuno.it /web/hosting3/margherita2000/wrap/it/servizi/img smilea.jpg
1999.11.30 18:14 B C:\WINDOWS\Desktop\master_ariston\wrap\it\servizi\img\smiles.jpg --> www.nettuno.it /web/hosting3/margherita2000/wrap/it/servizi/img smiles.jpg
1999.11.30 18:14 B C:\WINDOWS\Desktop\master_ariston\wrap\it\servizi\img\sole.gif --> www.nettuno.it /web/hosting3/margherita2000/wrap/it/servizi/img sole.gif
1999.11.30 18:14 B C:\WINDOWS\Desktop\master_ariston\wrap\it\servizi\img\spi.gif --> www.nettuno.it /web/hosting3/margherita2000/wrap/it/servizi/img spi.gif
1999.11.30 18:14 B C:\WINDOWS\Desktop\master_ariston\wrap\it\servizi\img\uomo.jpg --> www.nettuno.it /web/hosting3/margherita2000/wrap/it/servizi/img uomo.jpg
1999.11.30 18:14 B C:\WINDOWS\Desktop\master_ariston\wrap\it\servizi\img\utente.jpg --> www.nettuno.it /web/hosting3/margherita2000/wrap/it/servizi/img utente.jpg
