1999.11.30 12:04 B C:\WINDOWS\Desktop\master_ariston\sito\prova\img\verdi\digko.gif --> www.nettuno.it /web/hosting3/margherita2000/sito/prova/img/verdi digko.gif
1999.11.30 12:04 B C:\WINDOWS\Desktop\master_ariston\sito\prova\img\verdi\digok.gif --> www.nettuno.it /web/hosting3/margherita2000/sito/prova/img/verdi digok.gif
1999.11.30 12:04 B C:\WINDOWS\Desktop\master_ariston\sito\prova\img\verdi\forko.gif --> www.nettuno.it /web/hosting3/margherita2000/sito/prova/img/verdi forko.gif
1999.11.30 12:04 B C:\WINDOWS\Desktop\master_ariston\sito\prova\img\verdi\forok.gif --> www.nettuno.it /web/hosting3/margherita2000/sito/prova/img/verdi forok.gif
1999.11.30 12:04 B C:\WINDOWS\Desktop\master_ariston\sito\prova\img\verdi\gsmko.gif --> www.nettuno.it /web/hosting3/margherita2000/sito/prova/img/verdi gsmko.gif
1999.11.30 12:05 B C:\WINDOWS\Desktop\master_ariston\sito\prova\img\verdi\gsmok.gif --> www.nettuno.it /web/hosting3/margherita2000/sito/prova/img/verdi gsmok.gif
1999.11.30 12:05 B C:\WINDOWS\Desktop\master_ariston\sito\prova\img\verdi\intko.gif --> www.nettuno.it /web/hosting3/margherita2000/sito/prova/img/verdi intko.gif
1999.11.30 12:05 B C:\WINDOWS\Desktop\master_ariston\sito\prova\img\verdi\intok.gif --> www.nettuno.it /web/hosting3/margherita2000/sito/prova/img/verdi intok.gif
1999.11.30 12:05 B C:\WINDOWS\Desktop\master_ariston\sito\prova\img\verdi\logko.gif --> www.nettuno.it /web/hosting3/margherita2000/sito/prova/img/verdi logko.gif
1999.11.30 12:05 B C:\WINDOWS\Desktop\master_ariston\sito\prova\img\verdi\logok.gif --> www.nettuno.it /web/hosting3/margherita2000/sito/prova/img/verdi logok.gif
1999.11.30 12:05 B C:\WINDOWS\Desktop\master_ariston\sito\prova\img\verdi\plugok.gif --> www.nettuno.it /web/hosting3/margherita2000/sito/prova/img/verdi plugok.gif
1999.11.30 12:05 B C:\WINDOWS\Desktop\master_ariston\sito\prova\img\verdi\pluko.gif --> www.nettuno.it /web/hosting3/margherita2000/sito/prova/img/verdi pluko.gif
1999.11.30 12:05 B C:\WINDOWS\Desktop\master_ariston\sito\prova\img\verdi\pressko.gif --> www.nettuno.it /web/hosting3/margherita2000/sito/prova/img/verdi pressko.gif
1999.11.30 12:05 B C:\WINDOWS\Desktop\master_ariston\sito\prova\img\verdi\pressok.gif --> www.nettuno.it /web/hosting3/margherita2000/sito/prova/img/verdi pressok.gif
1999.11.30 12:05 B C:\WINDOWS\Desktop\master_ariston\sito\prova\img\verdi\prodko.gif --> www.nettuno.it /web/hosting3/margherita2000/sito/prova/img/verdi prodko.gif
1999.11.30 12:05 B C:\WINDOWS\Desktop\master_ariston\sito\prova\img\verdi\prodok.gif --> www.nettuno.it /web/hosting3/margherita2000/sito/prova/img/verdi prodok.gif
1999.11.30 12:05 B C:\WINDOWS\Desktop\master_ariston\sito\prova\img\verdi\puzko.gif --> www.nettuno.it /web/hosting3/margherita2000/sito/prova/img/verdi puzko.gif
1999.11.30 12:05 B C:\WINDOWS\Desktop\master_ariston\sito\prova\img\verdi\puzok.gif --> www.nettuno.it /web/hosting3/margherita2000/sito/prova/img/verdi puzok.gif
1999.11.30 12:05 B C:\WINDOWS\Desktop\master_ariston\sito\prova\img\verdi\simko.gif --> www.nettuno.it /web/hosting3/margherita2000/sito/prova/img/verdi simko.gif
1999.11.30 12:05 B C:\WINDOWS\Desktop\master_ariston\sito\prova\img\verdi\simok.gif --> www.nettuno.it /web/hosting3/margherita2000/sito/prova/img/verdi simok.gif
