1999.11.30 18:00 B C:\WINDOWS\Desktop\master_ariston\wrap\it\cooking\cok_lato.htm --> www.nettuno.it /web/hosting3/margherita2000/wrap/it/cooking cok_lato.htm
1999.11.30 18:00 B C:\WINDOWS\Desktop\master_ariston\wrap\it\cooking\cok_main.htm --> www.nettuno.it /web/hosting3/margherita2000/wrap/it/cooking cok_main.htm
1999.11.30 18:00 B C:\WINDOWS\Desktop\master_ariston\wrap\it\cooking\cok_sx.htm --> www.nettuno.it /web/hosting3/margherita2000/wrap/it/cooking cok_sx.htm
1999.11.30 18:00 B C:\WINDOWS\Desktop\master_ariston\wrap\it\cooking\cok_top.htm --> www.nettuno.it /web/hosting3/margherita2000/wrap/it/cooking cok_top.htm
1999.11.30 18:00 B C:\WINDOWS\Desktop\master_ariston\wrap\it\cooking\cook.htm --> www.nettuno.it /web/hosting3/margherita2000/wrap/it/cooking cook.htm
1999.11.30 18:00 B C:\WINDOWS\Desktop\master_ariston\wrap\it\cooking\cottura.htm --> www.nettuno.it /web/hosting3/margherita2000/wrap/it/cooking cottura.htm
1999.11.30 18:00 B C:\WINDOWS\Desktop\master_ariston\wrap\it\cooking\cottura2.htm --> www.nettuno.it /web/hosting3/margherita2000/wrap/it/cooking cottura2.htm
1999.11.30 18:00 B C:\WINDOWS\Desktop\master_ariston\wrap\it\cooking\cottura3.htm --> www.nettuno.it /web/hosting3/margherita2000/wrap/it/cooking cottura3.htm
1999.11.30 18:00 B C:\WINDOWS\Desktop\master_ariston\wrap\it\cooking\cottura4.htm --> www.nettuno.it /web/hosting3/margherita2000/wrap/it/cooking cottura4.htm
1999.11.30 18:00 B C:\WINDOWS\Desktop\master_ariston\wrap\it\cooking\cottura5.htm --> www.nettuno.it /web/hosting3/margherita2000/wrap/it/cooking cottura5.htm
1999.11.30 18:00 B C:\WINDOWS\Desktop\master_ariston\wrap\it\cooking\FINDER.DAT --> www.nettuno.it /web/hosting3/margherita2000/wrap/it/cooking FINDER.DAT
1999.11.30 18:00 B C:\WINDOWS\Desktop\master_ariston\wrap\it\cooking\in_sotto.htm --> www.nettuno.it /web/hosting3/margherita2000/wrap/it/cooking in_sotto.htm
1999.11.30 18:00 B C:\WINDOWS\Desktop\master_ariston\wrap\it\cooking\int_lato.htm --> www.nettuno.it /web/hosting3/margherita2000/wrap/it/cooking int_lato.htm
1999.11.30 18:00 B C:\WINDOWS\Desktop\master_ariston\wrap\it\cooking\pre_rice.htm --> www.nettuno.it /web/hosting3/margherita2000/wrap/it/cooking pre_rice.htm
1999.11.30 18:00 B C:\WINDOWS\Desktop\master_ariston\wrap\it\cooking\ricetta.htm --> www.nettuno.it /web/hosting3/margherita2000/wrap/it/cooking ricetta.htm
1999.11.30 18:00 B C:\WINDOWS\Desktop\master_ariston\wrap\it\cooking\ricetta2.htm --> www.nettuno.it /web/hosting3/margherita2000/wrap/it/cooking ricetta2.htm
1999.11.30 18:01 B C:\WINDOWS\Desktop\master_ariston\wrap\it\cooking\ricetta3.htm --> www.nettuno.it /web/hosting3/margherita2000/wrap/it/cooking ricetta3.htm
1999.11.30 18:01 B C:\WINDOWS\Desktop\master_ariston\wrap\it\cooking\ricetta4.htm --> www.nettuno.it /web/hosting3/margherita2000/wrap/it/cooking ricetta4.htm
1999.11.30 18:01 B C:\WINDOWS\Desktop\master_ariston\wrap\it\cooking\ricetta5.htm --> www.nettuno.it /web/hosting3/margherita2000/wrap/it/cooking ricetta5.htm
1999.11.30 18:01 B C:\WINDOWS\Desktop\master_ariston\wrap\it\cooking\ricette.htm --> www.nettuno.it /web/hosting3/margherita2000/wrap/it/cooking ricette.htm
