1999.11.30 11:23 B C:\WINDOWS\Desktop\master_ariston\sito\it\ecco\img\ant.gif --> www.nettuno.it /web/hosting3/margherita2000/sito/it/ecco/img ant.gif
1999.11.30 11:23 B C:\WINDOWS\Desktop\master_ariston\sito\it\ecco\img\class.gif --> www.nettuno.it /web/hosting3/margherita2000/sito/it/ecco/img class.gif
1999.11.30 11:23 B C:\WINDOWS\Desktop\master_ariston\sito\it\ecco\img\dia.gif --> www.nettuno.it /web/hosting3/margherita2000/sito/it/ecco/img dia.gif
1999.11.30 11:23 B C:\WINDOWS\Desktop\master_ariston\sito\it\ecco\img\eccov2.gif --> www.nettuno.it /web/hosting3/margherita2000/sito/it/ecco/img eccov2.gif
1999.11.30 11:23 B C:\WINDOWS\Desktop\master_ariston\sito\it\ecco\img\ecm.jpg --> www.nettuno.it /web/hosting3/margherita2000/sito/it/ecco/img ecm.jpg
1999.11.30 11:23 B C:\WINDOWS\Desktop\master_ariston\sito\it\ecco\img\ecmv2.gif --> www.nettuno.it /web/hosting3/margherita2000/sito/it/ecco/img ecmv2.gif
1999.11.30 11:23 B C:\WINDOWS\Desktop\master_ariston\sito\it\ecco\img\fot1.jpg --> www.nettuno.it /web/hosting3/margherita2000/sito/it/ecco/img fot1.jpg
1999.11.30 11:24 B C:\WINDOWS\Desktop\master_ariston\sito\it\ecco\img\fotv3.jpg --> www.nettuno.it /web/hosting3/margherita2000/sito/it/ecco/img fotv3.jpg
1999.11.30 11:24 B C:\WINDOWS\Desktop\master_ariston\sito\it\ecco\img\gold.gif --> www.nettuno.it /web/hosting3/margherita2000/sito/it/ecco/img gold.gif
1999.11.30 11:24 B C:\WINDOWS\Desktop\master_ariston\sito\it\ecco\img\gradi.gif --> www.nettuno.it /web/hosting3/margherita2000/sito/it/ecco/img gradi.gif
1999.11.30 11:24 B C:\WINDOWS\Desktop\master_ariston\sito\it\ecco\img\gsm.gif --> www.nettuno.it /web/hosting3/margherita2000/sito/it/ecco/img gsm.gif
1999.11.30 11:24 B C:\WINDOWS\Desktop\master_ariston\sito\it\ecco\img\here.gif --> www.nettuno.it /web/hosting3/margherita2000/sito/it/ecco/img here.gif
1999.11.30 11:24 B C:\WINDOWS\Desktop\master_ariston\sito\it\ecco\img\ima1.gif --> www.nettuno.it /web/hosting3/margherita2000/sito/it/ecco/img ima1.gif
1999.11.30 11:24 B C:\WINDOWS\Desktop\master_ariston\sito\it\ecco\img\ima2.gif --> www.nettuno.it /web/hosting3/margherita2000/sito/it/ecco/img ima2.gif
1999.11.30 11:24 B C:\WINDOWS\Desktop\master_ariston\sito\it\ecco\img\ima3.gif --> www.nettuno.it /web/hosting3/margherita2000/sito/it/ecco/img ima3.gif
1999.11.30 11:24 B C:\WINDOWS\Desktop\master_ariston\sito\it\ecco\img\imm.jpg --> www.nettuno.it /web/hosting3/margherita2000/sito/it/ecco/img imm.jpg
1999.11.30 11:24 B C:\WINDOWS\Desktop\master_ariston\sito\it\ecco\img\imm2.jpg --> www.nettuno.it /web/hosting3/margherita2000/sito/it/ecco/img imm2.jpg
1999.11.30 11:24 B C:\WINDOWS\Desktop\master_ariston\sito\it\ecco\img\imma.jpg --> www.nettuno.it /web/hosting3/margherita2000/sito/it/ecco/img imma.jpg
1999.11.30 11:24 B C:\WINDOWS\Desktop\master_ariston\sito\it\ecco\img\immb.jpg --> www.nettuno.it /web/hosting3/margherita2000/sito/it/ecco/img immb.jpg
1999.11.30 11:24 B C:\WINDOWS\Desktop\master_ariston\sito\it\ecco\img\immb1.jpg --> www.nettuno.it /web/hosting3/margherita2000/sito/it/ecco/img immb1.jpg
1999.11.30 11:24 B C:\WINDOWS\Desktop\master_ariston\sito\it\ecco\img\immb2.jpg --> www.nettuno.it /web/hosting3/margherita2000/sito/it/ecco/img immb2.jpg
1999.11.30 11:24 B C:\WINDOWS\Desktop\master_ariston\sito\it\ecco\img\immb3.jpg --> www.nettuno.it /web/hosting3/margherita2000/sito/it/ecco/img immb3.jpg
1999.11.30 11:24 B C:\WINDOWS\Desktop\master_ariston\sito\it\ecco\img\immbint.jpg --> www.nettuno.it /web/hosting3/margherita2000/sito/it/ecco/img immbint.jpg
1999.11.30 11:24 B C:\WINDOWS\Desktop\master_ariston\sito\it\ecco\img\immgsm.jpg --> www.nettuno.it /web/hosting3/margherita2000/sito/it/ecco/img immgsm.jpg
1999.11.30 11:25 B C:\WINDOWS\Desktop\master_ariston\sito\it\ecco\img\iserviz.gif --> www.nettuno.it /web/hosting3/margherita2000/sito/it/ecco/img iserviz.gif
1999.11.30 11:25 B C:\WINDOWS\Desktop\master_ariston\sito\it\ecco\img\lamacb.gif --> www.nettuno.it /web/hosting3/margherita2000/sito/it/ecco/img lamacb.gif
1999.11.30 11:25 B C:\WINDOWS\Desktop\master_ariston\sito\it\ecco\img\logo.jpg --> www.nettuno.it /web/hosting3/margherita2000/sito/it/ecco/img logo.jpg
1999.11.30 11:25 B C:\WINDOWS\Desktop\master_ariston\sito\it\ecco\img\occhi.jpg --> www.nettuno.it /web/hosting3/margherita2000/sito/it/ecco/img occhi.jpg
1999.11.30 11:30 B C:\WINDOWS\Desktop\master_ariston\sito\it\ecco\img\risc.gif --> www.nettuno.it /web/hosting3/margherita2000/sito/it/ecco/img risc.gif
1999.11.30 11:30 B C:\WINDOWS\Desktop\master_ariston\sito\it\ecco\img\tel.jpg --> www.nettuno.it /web/hosting3/margherita2000/sito/it/ecco/img tel.jpg
1999.11.30 11:31 B C:\WINDOWS\Desktop\master_ariston\sito\it\ecco\img\parl.gif --> www.nettuno.it /web/hosting3/margherita2000/sito/it/ecco/img parl.gif
1999.11.30 19:05 B C:\WINDOWS\Desktop\master_ariston\sito\it\ecco\img\mgold.jpg --> www.nettuno.it /web/hosting3/margherita2000/sito/it/ecco/img mgold.jpg
1999.11.30 19:05 B C:\WINDOWS\Desktop\master_ariston\sito\it\ecco\img\ecm.jpg --> www.nettuno.it /web/hosting3/margherita2000/sito/it/ecco/img ecm.jpg
1999.12.02 11:20 B D:\master_ariston\sito\it\ecco\img\ecm.jpg --> www.nettuno.it /web/hosting3/margherita2000/sito/it/ecco/img ecm.jpg
1999.12.02 11:20 B D:\master_ariston\sito\it\ecco\img\immb.jpg --> www.nettuno.it /web/hosting3/margherita2000/sito/it/ecco/img immb.jpg
1999.12.02 11:20 B D:\master_ariston\sito\it\ecco\img\mgold.jpg --> www.nettuno.it /web/hosting3/margherita2000/sito/it/ecco/img mgold.jpg
